{"C:\\Users\\Jono\\.cursor\\projects\\vantage-stack\\lib\\blueprint\\validation.ts": {"path":"C:\\Users\\Jono\\.cursor\\projects\\vantage-stack\\lib\\blueprint\\validation.ts","statementMap":{"0":{"start":{"line":19,"column":0},"end":{"line":19,"column":16}},"1":{"start":{"line":1,"column":0},"end":{"line":1,"column":24}},"2":{"start":{"line":3,"column":13},"end":{"line":15,"column":3}},"3":{"start":{"line":20,"column":17},"end":{"line":20,"column":59}},"4":{"start":{"line":21,"column":2},"end":{"line":23,"column":3}},"5":{"start":{"line":22,"column":4},"end":{"line":22,"column":65}},"6":{"start":{"line":24,"column":15},"end":{"line":24,"column":26}},"7":{"start":{"line":27,"column":2},"end":{"line":32,"column":3}},"8":{"start":{"line":28,"column":4},"end":{"line":31,"column":6}},"9":{"start":{"line":34,"column":2},"end":{"line":34,"column":37}}},"fnMap":{"0":{"name":"validateBlueprintSubmission","decl":{"start":{"line":19,"column":16},"end":{"line":19,"column":43}},"loc":{"start":{"line":19,"column":58},"end":{"line":35,"column":1}}}},"branchMap":{"0":{"loc":{"start":{"line":21,"column":2},"end":{"line":23,"column":3}},"type":"if","locations":[{"start":{"line":21,"column":2},"end":{"line":23,"column":3}},{"start":{},"end":{}}]},"1":{"loc":{"start":{"line":27,"column":2},"end":{"line":32,"column":3}},"type":"if","locations":[{"start":{"line":27,"column":2},"end":{"line":32,"column":3}},{"start":{},"end":{}}]},"2":{"loc":{"start":{"line":27,"column":6},"end":{"line":27,"column":74}},"type":"binary-expr","locations":[{"start":{"line":27,"column":6},"end":{"line":27,"column":33}},{"start":{"line":27,"column":37},"end":{"line":27,"column":74}}]},"3":{"loc":{"start":{"line":27,"column":45},"end":{"line":27,"column":66}},"type":"binary-expr","locations":[{"start":{"line":27,"column":45},"end":{"line":27,"column":60}},{"start":{"line":27,"column":64},"end":{"line":27,"column":66}}]}},"s":{"0":2,"1":2,"2":2,"3":5,"4":5,"5":3,"6":2,"7":2,"8":0,"9":2},"f":{"0":5},"b":{"0":[3,2],"1":[0,2],"2":[2,2],"3":[2,0]}}
,"C:\\Users\\Jono\\.cursor\\projects\\vantage-stack\\lib\\scheduler-engine\\cron.ts": {"path":"C:\\Users\\Jono\\.cursor\\projects\\vantage-stack\\lib\\scheduler-engine\\cron.ts","statementMap":{"0":{"start":{"line":21,"column":0},"end":{"line":21,"column":16}},"1":{"start":{"line":2,"column":12},"end":{"line":2,"column":24}},"2":{"start":{"line":3,"column":2},"end":{"line":3,"column":28}},"3":{"start":{"line":3,"column":17},"end":{"line":3,"column":28}},"4":{"start":{"line":4,"column":12},"end":{"line":4,"column":21}},"5":{"start":{"line":5,"column":2},"end":{"line":5,"column":102}},"6":{"start":{"line":5,"column":50},"end":{"line":5,"column":102}},"7":{"start":{"line":6,"column":2},"end":{"line":6,"column":13}},"8":{"start":{"line":10,"column":2},"end":{"line":10,"column":33}},"9":{"start":{"line":10,"column":21},"end":{"line":10,"column":33}},"10":{"start":{"line":11,"column":2},"end":{"line":11,"column":31}},"11":{"start":{"line":22,"column":16},"end":{"line":22,"column":44}},"12":{"start":{"line":23,"column":2},"end":{"line":23,"column":104}},"13":{"start":{"line":23,"column":26},"end":{"line":23,"column":104}},"14":{"start":{"line":25,"column":42},"end":{"line":25,"column":47}},"15":{"start":{"line":26,"column":17},"end":{"line":26,"column":40}},"16":{"start":{"line":27,"column":15},"end":{"line":27,"column":39}},"17":{"start":{"line":28,"column":14},"end":{"line":28,"column":37}},"18":{"start":{"line":29,"column":14},"end":{"line":29,"column":37}},"19":{"start":{"line":30,"column":14},"end":{"line":30,"column":36}},"20":{"start":{"line":32,"column":16},"end":{"line":32,"column":49}},"21":{"start":{"line":33,"column":2},"end":{"line":33,"column":28}},"22":{"start":{"line":35,"column":21},"end":{"line":35,"column":33}},"23":{"start":{"line":36,"column":10},"end":{"line":36,"column":25}},"24":{"start":{"line":37,"column":2},"end":{"line":55,"column":3}},"25":{"start":{"line":37,"column":15},"end":{"line":37,"column":16}},"26":{"start":{"line":38,"column":14},"end":{"line":38,"column":31}},"27":{"start":{"line":39,"column":14},"end":{"line":39,"column":29}},"28":{"start":{"line":40,"column":16},"end":{"line":40,"column":30}},"29":{"start":{"line":41,"column":18},"end":{"line":41,"column":37}},"30":{"start":{"line":42,"column":16},"end":{"line":42,"column":29}},"31":{"start":{"line":43,"column":15},"end":{"line":43,"column":34}},"32":{"start":{"line":45,"column":4},"end":{"line":53,"column":5}},"33":{"start":{"line":52,"column":6},"end":{"line":52,"column":15}},"34":{"start":{"line":54,"column":4},"end":{"line":54,"column":39}},"35":{"start":{"line":56,"column":2},"end":{"line":56,"column":14}}},"fnMap":{"0":{"name":"parseField","decl":{"start":{"line":1,"column":9},"end":{"line":1,"column":19}},"loc":{"start":{"line":1,"column":59},"end":{"line":7,"column":1}}},"1":{"name":"matches","decl":{"start":{"line":9,"column":9},"end":{"line":9,"column":16}},"loc":{"start":{"line":9,"column":53},"end":{"line":12,"column":1}}},"2":{"name":"nextRunUtcFromCron","decl":{"start":{"line":21,"column":16},"end":{"line":21,"column":34}},"loc":{"start":{"line":21,"column":70},"end":{"line":57,"column":1}}}},"branchMap":{"0":{"loc":{"start":{"line":3,"column":2},"end":{"line":3,"column":28}},"type":"if","locations":[{"start":{"line":3,"column":2},"end":{"line":3,"column":28}},{"start":{},"end":{}}]},"1":{"loc":{"start":{"line":5,"column":2},"end":{"line":5,"column":102}},"type":"if","locations":[{"start":{"line":5,"column":2},"end":{"line":5,"column":102}},{"start":{},"end":{}}]},"2":{"loc":{"start":{"line":5,"column":6},"end":{"line":5,"column":48}},"type":"binary-expr","locations":[{"start":{"line":5,"column":6},"end":{"line":5,"column":26}},{"start":{"line":5,"column":30},"end":{"line":5,"column":37}},{"start":{"line":5,"column":41},"end":{"line":5,"column":48}}]},"3":{"loc":{"start":{"line":10,"column":2},"end":{"line":10,"column":33}},"type":"if","locations":[{"start":{"line":10,"column":2},"end":{"line":10,"column":33}},{"start":{},"end":{}}]},"4":{"loc":{"start":{"line":21,"column":53},"end":{"line":21,"column":70}},"type":"default-arg","locations":[{"start":{"line":21,"column":60},"end":{"line":21,"column":70}}]},"5":{"loc":{"start":{"line":23,"column":2},"end":{"line":23,"column":104}},"type":"if","locations":[{"start":{"line":23,"column":2},"end":{"line":23,"column":104}},{"start":{},"end":{}}]},"6":{"loc":{"start":{"line":43,"column":15},"end":{"line":43,"column":34}},"type":"cond-expr","locations":[{"start":{"line":43,"column":27},"end":{"line":43,"column":28}},{"start":{"line":43,"column":31},"end":{"line":43,"column":34}}]},"7":{"loc":{"start":{"line":45,"column":4},"end":{"line":53,"column":5}},"type":"if","locations":[{"start":{"line":45,"column":4},"end":{"line":53,"column":5}},{"start":{},"end":{}}]},"8":{"loc":{"start":{"line":46,"column":6},"end":{"line":50,"column":45}},"type":"binary-expr","locations":[{"start":{"line":46,"column":6},"end":{"line":46,"column":24}},{"start":{"line":47,"column":6},"end":{"line":47,"column":22}},{"start":{"line":48,"column":6},"end":{"line":48,"column":23}},{"start":{"line":49,"column":6},"end":{"line":49,"column":25}},{"start":{"line":50,"column":7},"end":{"line":50,"column":24}},{"start":{"line":50,"column":28},"end":{"line":50,"column":44}}]}},"s":{"0":1,"1":6,"2":6,"3":3,"4":3,"5":3,"6":1,"7":2,"8":5,"9":3,"10":2,"11":2,"12":2,"13":0,"14":2,"15":2,"16":1,"17":1,"18":1,"19":1,"20":1,"21":1,"22":1,"23":1,"24":1,"25":1,"26":1,"27":1,"28":1,"29":1,"30":1,"31":1,"32":1,"33":1,"34":0,"35":0},"f":{"0":6,"1":5,"2":2},"b":{"0":[3,3],"1":[1,2],"2":[3,2,2],"3":[3,2],"4":[0],"5":[0,2],"6":[0,1],"7":[1,0],"8":[1,1,1,1,1,0]}}
,"C:\\Users\\Jono\\.cursor\\projects\\vantage-stack\\mcp\\delivery-coordinator\\server.ts": {"path":"C:\\Users\\Jono\\.cursor\\projects\\vantage-stack\\mcp\\delivery-coordinator\\server.ts","statementMap":{"0":{"start":{"line":394,"column":0},"end":{"line":394,"column":7}},"1":{"start":{"line":420,"column":0},"end":{"line":420,"column":7}},"2":{"start":{"line":2,"column":0},"end":{"line":2,"column":67}},"3":{"start":{"line":3,"column":0},"end":{"line":3,"column":81}},"4":{"start":{"line":4,"column":0},"end":{"line":4,"column":99}},"5":{"start":{"line":5,"column":0},"end":{"line":5,"column":24}},"6":{"start":{"line":6,"column":0},"end":{"line":6,"column":57}},"7":{"start":{"line":7,"column":0},"end":{"line":7,"column":32}},"8":{"start":{"line":8,"column":0},"end":{"line":8,"column":28}},"9":{"start":{"line":9,"column":0},"end":{"line":9,"column":28}},"10":{"start":{"line":10,"column":0},"end":{"line":10,"column":32}},"11":{"start":{"line":12,"column":17},"end":{"line":12,"column":30}},"12":{"start":{"line":15,"column":12},"end":{"line":15,"column":44}},"13":{"start":{"line":16,"column":2},"end":{"line":16,"column":72}},"14":{"start":{"line":16,"column":10},"end":{"line":16,"column":72}},"15":{"start":{"line":17,"column":2},"end":{"line":17,"column":11}},"16":{"start":{"line":21,"column":12},"end":{"line":21,"column":44}},"17":{"start":{"line":22,"column":2},"end":{"line":22,"column":22}},"18":{"start":{"line":26,"column":2},"end":{"line":26,"column":59}},"19":{"start":{"line":30,"column":2},"end":{"line":35,"column":3}},"20":{"start":{"line":31,"column":16},"end":{"line":31,"column":45}},"21":{"start":{"line":32,"column":4},"end":{"line":32,"column":32}},"22":{"start":{"line":34,"column":4},"end":{"line":34,"column":20}},"23":{"start":{"line":39,"column":2},"end":{"line":39,"column":72}},"24":{"start":{"line":72,"column":2},"end":{"line":72,"column":24}},"25":{"start":{"line":73,"column":17},"end":{"line":73,"column":61}},"26":{"start":{"line":74,"column":19},"end":{"line":74,"column":67}},"27":{"start":{"line":75,"column":14},"end":{"line":75,"column":60}},"28":{"start":{"line":75,"column":40},"end":{"line":75,"column":59}},"29":{"start":{"line":76,"column":2},"end":{"line":77,"column":51}},"30":{"start":{"line":76,"column":16},"end":{"line":76,"column":65}},"31":{"start":{"line":77,"column":7},"end":{"line":77,"column":51}},"32":{"start":{"line":78,"column":2},"end":{"line":78,"column":40}},"33":{"start":{"line":79,"column":2},"end":{"line":79,"column":51}},"34":{"start":{"line":83,"column":2},"end":{"line":83,"column":24}},"35":{"start":{"line":84,"column":17},"end":{"line":84,"column":61}},"36":{"start":{"line":85,"column":19},"end":{"line":85,"column":67}},"37":{"start":{"line":86,"column":2},"end":{"line":86,"column":51}},"38":{"start":{"line":86,"column":30},"end":{"line":86,"column":41}},"39":{"start":{"line":90,"column":2},"end":{"line":90,"column":67}},"40":{"start":{"line":94,"column":2},"end":{"line":99,"column":28}},"41":{"start":{"line":103,"column":2},"end":{"line":105,"column":3}},"42":{"start":{"line":104,"column":4},"end":{"line":104,"column":141}},"43":{"start":{"line":107,"column":16},"end":{"line":107,"column":33}},"44":{"start":{"line":108,"column":28},"end":{"line":108,"column":30}},"45":{"start":{"line":110,"column":22},"end":{"line":110,"column":101}},"46":{"start":{"line":111,"column":2},"end":{"line":111,"column":117}},"47":{"start":{"line":111,"column":39},"end":{"line":111,"column":117}},"48":{"start":{"line":113,"column":15},"end":{"line":113,"column":68}},"49":{"start":{"line":114,"column":2},"end":{"line":114,"column":152}},"50":{"start":{"line":114,"column":42},"end":{"line":114,"column":152}},"51":{"start":{"line":116,"column":18},"end":{"line":116,"column":107}},"52":{"start":{"line":117,"column":2},"end":{"line":117,"column":141}},"53":{"start":{"line":117,"column":35},"end":{"line":117,"column":141}},"54":{"start":{"line":119,"column":2},"end":{"line":121,"column":3}},"55":{"start":{"line":120,"column":4},"end":{"line":120,"column":141}},"56":{"start":{"line":123,"column":20},"end":{"line":123,"column":36}},"57":{"start":{"line":124,"column":20},"end":{"line":124,"column":120}},"58":{"start":{"line":125,"column":20},"end":{"line":125,"column":112}},"59":{"start":{"line":127,"column":2},"end":{"line":127,"column":69}},"60":{"start":{"line":131,"column":2},"end":{"line":131,"column":65}},"61":{"start":{"line":131,"column":53},"end":{"line":131,"column":65}},"62":{"start":{"line":132,"column":16},"end":{"line":132,"column":33}},"63":{"start":{"line":134,"column":4},"end":{"line":138,"column":31}},"64":{"start":{"line":139,"column":2},"end":{"line":139,"column":76}},"65":{"start":{"line":143,"column":2},"end":{"line":143,"column":65}},"66":{"start":{"line":143,"column":53},"end":{"line":143,"column":65}},"67":{"start":{"line":144,"column":16},"end":{"line":144,"column":33}},"68":{"start":{"line":146,"column":4},"end":{"line":149,"column":32}},"69":{"start":{"line":150,"column":2},"end":{"line":152,"column":3}},"70":{"start":{"line":151,"column":4},"end":{"line":151,"column":114}},"71":{"start":{"line":154,"column":4},"end":{"line":157,"column":28}},"72":{"start":{"line":158,"column":2},"end":{"line":158,"column":70}},"73":{"start":{"line":162,"column":2},"end":{"line":162,"column":73}},"74":{"start":{"line":162,"column":21},"end":{"line":162,"column":73}},"75":{"start":{"line":163,"column":12},"end":{"line":163,"column":45}},"76":{"start":{"line":164,"column":2},"end":{"line":164,"column":86}},"77":{"start":{"line":164,"column":15},"end":{"line":164,"column":86}},"78":{"start":{"line":165,"column":2},"end":{"line":165,"column":86}},"79":{"start":{"line":165,"column":15},"end":{"line":165,"column":86}},"80":{"start":{"line":166,"column":2},"end":{"line":166,"column":73}},"81":{"start":{"line":179,"column":15},"end":{"line":179,"column":45}},"82":{"start":{"line":180,"column":18},"end":{"line":180,"column":51}},"83":{"start":{"line":181,"column":24},"end":{"line":181,"column":88}},"84":{"start":{"line":182,"column":17},"end":{"line":182,"column":63}},"85":{"start":{"line":183,"column":19},"end":{"line":183,"column":35}},"86":{"start":{"line":184,"column":17},"end":{"line":184,"column":31}},"87":{"start":{"line":185,"column":21},"end":{"line":185,"column":44}},"88":{"start":{"line":186,"column":19},"end":{"line":186,"column":155}},"89":{"start":{"line":189,"column":2},"end":{"line":268,"column":9}},"90":{"start":{"line":271,"column":35},"end":{"line":280,"column":2}},"91":{"start":{"line":282,"column":27},"end":{"line":289,"column":2}},"92":{"start":{"line":291,"column":32},"end":{"line":295,"column":2}},"93":{"start":{"line":297,"column":25},"end":{"line":328,"column":2}},"94":{"start":{"line":330,"column":24},"end":{"line":335,"column":2}},"95":{"start":{"line":337,"column":27},"end":{"line":347,"column":2}},"96":{"start":{"line":350,"column":2},"end":{"line":350,"column":59}},"97":{"start":{"line":350,"column":34},"end":{"line":350,"column":57}},"98":{"start":{"line":358,"column":16},"end":{"line":358,"column":118}},"99":{"start":{"line":359,"column":2},"end":{"line":359,"column":115}},"100":{"start":{"line":359,"column":14},"end":{"line":359,"column":115}},"101":{"start":{"line":361,"column":16},"end":{"line":361,"column":72}},"102":{"start":{"line":362,"column":2},"end":{"line":364,"column":3}},"103":{"start":{"line":363,"column":4},"end":{"line":363,"column":104}},"104":{"start":{"line":366,"column":17},"end":{"line":366,"column":45}},"105":{"start":{"line":367,"column":2},"end":{"line":367,"column":100}},"106":{"start":{"line":367,"column":38},"end":{"line":367,"column":100}},"107":{"start":{"line":369,"column":13},"end":{"line":369,"column":56}},"108":{"start":{"line":370,"column":2},"end":{"line":378,"column":3}},"109":{"start":{"line":371,"column":4},"end":{"line":374,"column":6}},"110":{"start":{"line":375,"column":4},"end":{"line":375,"column":24}},"111":{"start":{"line":377,"column":4},"end":{"line":377,"column":33}},"112":{"start":{"line":382,"column":14},"end":{"line":382,"column":70}},"113":{"start":{"line":383,"column":2},"end":{"line":383,"column":98}},"114":{"start":{"line":383,"column":12},"end":{"line":383,"column":98}},"115":{"start":{"line":384,"column":14},"end":{"line":388,"column":4}},"116":{"start":{"line":389,"column":14},"end":{"line":389,"column":46}},"117":{"start":{"line":389,"column":43},"end":{"line":389,"column":45}},"118":{"start":{"line":390,"column":2},"end":{"line":390,"column":80}},"119":{"start":{"line":390,"column":15},"end":{"line":390,"column":80}},"120":{"start":{"line":391,"column":2},"end":{"line":391,"column":22}},"121":{"start":{"line":395,"column":17},"end":{"line":395,"column":46}},"122":{"start":{"line":396,"column":15},"end":{"line":396,"column":62}},"123":{"start":{"line":398,"column":14},"end":{"line":412,"column":4}},"124":{"start":{"line":414,"column":14},"end":{"line":414,"column":30}},"125":{"start":{"line":415,"column":2},"end":{"line":415,"column":74}},"126":{"start":{"line":415,"column":15},"end":{"line":415,"column":74}},"127":{"start":{"line":416,"column":15},"end":{"line":416,"column":37}},"128":{"start":{"line":417,"column":2},"end":{"line":417,"column":59}},"129":{"start":{"line":421,"column":21},"end":{"line":421,"column":54}},"130":{"start":{"line":422,"column":20},"end":{"line":422,"column":52}},"131":{"start":{"line":423,"column":15},"end":{"line":423,"column":74}},"132":{"start":{"line":424,"column":13},"end":{"line":424,"column":99}},"133":{"start":{"line":426,"column":15},"end":{"line":426,"column":36}},"134":{"start":{"line":427,"column":2},"end":{"line":427,"column":25}},"135":{"start":{"line":428,"column":2},"end":{"line":428,"column":21}},"136":{"start":{"line":429,"column":2},"end":{"line":429,"column":32}},"137":{"start":{"line":431,"column":15},"end":{"line":431,"column":75}},"138":{"start":{"line":432,"column":14},"end":{"line":439,"column":4}},"139":{"start":{"line":441,"column":14},"end":{"line":441,"column":30}},"140":{"start":{"line":442,"column":2},"end":{"line":442,"column":74}},"141":{"start":{"line":442,"column":15},"end":{"line":442,"column":74}},"142":{"start":{"line":443,"column":15},"end":{"line":443,"column":37}},"143":{"start":{"line":444,"column":2},"end":{"line":444,"column":97}},"144":{"start":{"line":448,"column":2},"end":{"line":448,"column":24}},"145":{"start":{"line":450,"column":17},"end":{"line":452,"column":null}},"146":{"start":{"line":455,"column":2},"end":{"line":492,"column":5}},"147":{"start":{"line":456,"column":4},"end":{"line":491,"column":6}},"148":{"start":{"line":494,"column":2},"end":{"line":780,"column":5}},"149":{"start":{"line":495,"column":38},"end":{"line":495,"column":54}},"150":{"start":{"line":497,"column":4},"end":{"line":551,"column":5}},"151":{"start":{"line":498,"column":21},"end":{"line":498,"column":59}},"152":{"start":{"line":500,"column":8},"end":{"line":501,"column":68}},"153":{"start":{"line":504,"column":8},"end":{"line":504,"column":90}},"154":{"start":{"line":506,"column":21},"end":{"line":506,"column":55}},"155":{"start":{"line":507,"column":31},"end":{"line":509,"column":14}},"156":{"start":{"line":511,"column":26},"end":{"line":511,"column":60}},"157":{"start":{"line":512,"column":28},"end":{"line":512,"column":64}},"158":{"start":{"line":513,"column":19},"end":{"line":522,"column":8}},"159":{"start":{"line":524,"column":18},"end":{"line":532,"column":8}},"160":{"start":{"line":535,"column":6},"end":{"line":548,"column":9}},"161":{"start":{"line":550,"column":6},"end":{"line":550,"column":81}},"162":{"start":{"line":553,"column":4},"end":{"line":712,"column":5}},"163":{"start":{"line":554,"column":21},"end":{"line":554,"column":51}},"164":{"start":{"line":556,"column":8},"end":{"line":557,"column":68}},"165":{"start":{"line":559,"column":21},"end":{"line":559,"column":55}},"166":{"start":{"line":560,"column":31},"end":{"line":562,"column":14}},"167":{"start":{"line":564,"column":22},"end":{"line":564,"column":70}},"168":{"start":{"line":565,"column":26},"end":{"line":565,"column":60}},"169":{"start":{"line":566,"column":28},"end":{"line":566,"column":64}},"170":{"start":{"line":567,"column":19},"end":{"line":576,"column":8}},"171":{"start":{"line":578,"column":22},"end":{"line":578,"column":96}},"172":{"start":{"line":580,"column":6},"end":{"line":593,"column":9}},"173":{"start":{"line":596,"column":25},"end":{"line":596,"column":26}},"174":{"start":{"line":597,"column":43},"end":{"line":597,"column":47}},"175":{"start":{"line":598,"column":39},"end":{"line":598,"column":43}},"176":{"start":{"line":599,"column":22},"end":{"line":599,"column":27}},"177":{"start":{"line":600,"column":6},"end":{"line":616,"column":7}},"178":{"start":{"line":601,"column":8},"end":{"line":601,"column":23}},"179":{"start":{"line":602,"column":8},"end":{"line":615,"column":9}},"180":{"start":{"line":603,"column":22},"end":{"line":608,"column":12}},"181":{"start":{"line":609,"column":10},"end":{"line":609,"column":51}},"182":{"start":{"line":610,"column":10},"end":{"line":610,"column":29}},"183":{"start":{"line":611,"column":10},"end":{"line":611,"column":27}},"184":{"start":{"line":613,"column":10},"end":{"line":613,"column":48}},"185":{"start":{"line":614,"column":10},"end":{"line":614,"column":52}},"186":{"start":{"line":614,"column":32},"end":{"line":614,"column":52}},"187":{"start":{"line":618,"column":23},"end":{"line":625,"column":17}},"188":{"start":{"line":628,"column":21},"end":{"line":628,"column":167}},"189":{"start":{"line":629,"column":19},"end":{"line":629,"column":24}},"190":{"start":{"line":630,"column":33},"end":{"line":630,"column":37}},"191":{"start":{"line":631,"column":35},"end":{"line":631,"column":39}},"192":{"start":{"line":632,"column":19},"end":{"line":632,"column":76}},"193":{"start":{"line":633,"column":6},"end":{"line":642,"column":7}},"194":{"start":{"line":634,"column":20},"end":{"line":637,"column":10}},"195":{"start":{"line":638,"column":8},"end":{"line":638,"column":40}},"196":{"start":{"line":639,"column":8},"end":{"line":639,"column":22}},"197":{"start":{"line":641,"column":8},"end":{"line":641,"column":42}},"198":{"start":{"line":644,"column":20},"end":{"line":653,"column":17}},"199":{"start":{"line":655,"column":20},"end":{"line":659,"column":8}},"200":{"start":{"line":662,"column":31},"end":{"line":662,"column":50}},"201":{"start":{"line":663,"column":31},"end":{"line":663,"column":93}},"202":{"start":{"line":664,"column":6},"end":{"line":670,"column":7}},"203":{"start":{"line":665,"column":8},"end":{"line":669,"column":11}},"204":{"start":{"line":673,"column":25},"end":{"line":673,"column":29}},"205":{"start":{"line":674,"column":6},"end":{"line":689,"column":7}},"206":{"start":{"line":675,"column":8},"end":{"line":686,"column":11}},"207":{"start":{"line":688,"column":8},"end":{"line":688,"column":64}},"208":{"start":{"line":691,"column":6},"end":{"line":711,"column":8}},"209":{"start":{"line":714,"column":4},"end":{"line":718,"column":5}},"210":{"start":{"line":715,"column":21},"end":{"line":715,"column":51}},"211":{"start":{"line":716,"column":18},"end":{"line":716,"column":45}},"212":{"start":{"line":717,"column":6},"end":{"line":717,"column":81}},"213":{"start":{"line":720,"column":4},"end":{"line":724,"column":5}},"214":{"start":{"line":721,"column":21},"end":{"line":721,"column":56}},"215":{"start":{"line":722,"column":18},"end":{"line":722,"column":53}},"216":{"start":{"line":723,"column":6},"end":{"line":723,"column":81}},"217":{"start":{"line":726,"column":4},"end":{"line":747,"column":5}},"218":{"start":{"line":727,"column":21},"end":{"line":727,"column":49}},"219":{"start":{"line":728,"column":22},"end":{"line":728,"column":59}},"220":{"start":{"line":730,"column":37},"end":{"line":743,"column":8}},"221":{"start":{"line":745,"column":20},"end":{"line":745,"column":48}},"222":{"start":{"line":746,"column":6},"end":{"line":746,"column":83}},"223":{"start":{"line":749,"column":4},"end":{"line":777,"column":5}},"224":{"start":{"line":750,"column":21},"end":{"line":750,"column":48}},"225":{"start":{"line":751,"column":22},"end":{"line":751,"column":59}},"226":{"start":{"line":752,"column":23},"end":{"line":752,"column":67}},"227":{"start":{"line":753,"column":20},"end":{"line":753,"column":50}},"228":{"start":{"line":754,"column":6},"end":{"line":758,"column":9}},"229":{"start":{"line":760,"column":20},"end":{"line":763,"column":8}},"230":{"start":{"line":765,"column":6},"end":{"line":776,"column":8}},"231":{"start":{"line":779,"column":4},"end":{"line":779,"column":45}},"232":{"start":{"line":782,"column":20},"end":{"line":782,"column":46}},"233":{"start":{"line":783,"column":2},"end":{"line":783,"column":34}},"234":{"start":{"line":785,"column":2},"end":{"line":787,"column":3}},"235":{"start":{"line":790,"column":0},"end":{"line":793,"column":3}},"236":{"start":{"line":791,"column":2},"end":{"line":791,"column":21}},"237":{"start":{"line":792,"column":2},"end":{"line":792,"column":18}}},"fnMap":{"0":{"name":"requiredEnv","decl":{"start":{"line":14,"column":9},"end":{"line":14,"column":20}},"loc":{"start":{"line":14,"column":33},"end":{"line":18,"column":1}}},"1":{"name":"optionalEnv","decl":{"start":{"line":20,"column":9},"end":{"line":20,"column":20}},"loc":{"start":{"line":20,"column":33},"end":{"line":23,"column":1}}},"2":{"name":"ensureDataDir","decl":{"start":{"line":25,"column":15},"end":{"line":25,"column":28}},"loc":{"start":{"line":25,"column":28},"end":{"line":27,"column":1}}},"3":{"name":"readJsonFile","decl":{"start":{"line":29,"column":15},"end":{"line":29,"column":27}},"loc":{"start":{"line":29,"column":56},"end":{"line":36,"column":1}}},"4":{"name":"writeJsonFile","decl":{"start":{"line":38,"column":15},"end":{"line":38,"column":28}},"loc":{"start":{"line":38,"column":57},"end":{"line":40,"column":1}}},"5":{"name":"upsertDelivery","decl":{"start":{"line":71,"column":15},"end":{"line":71,"column":29}},"loc":{"start":{"line":71,"column":79},"end":{"line":80,"column":1}}},"6":{"name":"(anonymous_7)","decl":{"start":{"line":75,"column":33},"end":{"line":75,"column":34}},"loc":{"start":{"line":75,"column":40},"end":{"line":75,"column":59}}},"7":{"name":"getDelivery","decl":{"start":{"line":82,"column":15},"end":{"line":82,"column":26}},"loc":{"start":{"line":82,"column":37},"end":{"line":87,"column":1}}},"8":{"name":"(anonymous_9)","decl":{"start":{"line":86,"column":23},"end":{"line":86,"column":24}},"loc":{"start":{"line":86,"column":30},"end":{"line":86,"column":41}}},"9":{"name":"stripHtml","decl":{"start":{"line":89,"column":9},"end":{"line":89,"column":18}},"loc":{"start":{"line":89,"column":31},"end":{"line":91,"column":1}}},"10":{"name":"htmlEscape","decl":{"start":{"line":93,"column":9},"end":{"line":93,"column":19}},"loc":{"start":{"line":93,"column":29},"end":{"line":100,"column":1}}},"11":{"name":"computeSummaryFromReportJson","decl":{"start":{"line":102,"column":9},"end":{"line":102,"column":37}},"loc":{"start":{"line":102,"column":57},"end":{"line":128,"column":1}}},"12":{"name":"getHealthScore","decl":{"start":{"line":130,"column":9},"end":{"line":130,"column":23}},"loc":{"start":{"line":130,"column":43},"end":{"line":140,"column":1}}},"13":{"name":"getRevenueTeaser","decl":{"start":{"line":142,"column":9},"end":{"line":142,"column":25}},"loc":{"start":{"line":142,"column":45},"end":{"line":159,"column":1}}},"14":{"name":"healthColor","decl":{"start":{"line":161,"column":9},"end":{"line":161,"column":20}},"loc":{"start":{"line":161,"column":41},"end":{"line":167,"column":1}}},"15":{"name":"renderEmailHtml","decl":{"start":{"line":169,"column":9},"end":{"line":169,"column":24}},"loc":{"start":{"line":178,"column":1},"end":{"line":269,"column":1}}},"16":{"name":"sleep","decl":{"start":{"line":349,"column":9},"end":{"line":349,"column":14}},"loc":{"start":{"line":349,"column":25},"end":{"line":351,"column":1}}},"17":{"name":"(anonymous_18)","decl":{"start":{"line":350,"column":21},"end":{"line":350,"column":22}},"loc":{"start":{"line":350,"column":34},"end":{"line":350,"column":57}}},"18":{"name":"updateReportsTable","decl":{"start":{"line":353,"column":15},"end":{"line":353,"column":33}},"loc":{"start":{"line":357,"column":1},"end":{"line":379,"column":1}}},"19":{"name":"notifyInternalWebhook","decl":{"start":{"line":381,"column":15},"end":{"line":381,"column":36}},"loc":{"start":{"line":381,"column":53},"end":{"line":392,"column":1}}},"20":{"name":"(anonymous_21)","decl":{"start":{"line":389,"column":37},"end":{"line":389,"column":40}},"loc":{"start":{"line":389,"column":43},"end":{"line":389,"column":45}}},"21":{"name":"callResendApi","decl":{"start":{"line":394,"column":22},"end":{"line":394,"column":35}},"loc":{"start":{"line":394,"column":78},"end":{"line":418,"column":1}}},"22":{"name":"callTwilioWhatsAppApi","decl":{"start":{"line":420,"column":22},"end":{"line":420,"column":43}},"loc":{"start":{"line":420,"column":91},"end":{"line":445,"column":1}}},"23":{"name":"main","decl":{"start":{"line":447,"column":15},"end":{"line":447,"column":19}},"loc":{"start":{"line":447,"column":19},"end":{"line":788,"column":1}}},"24":{"name":"(anonymous_25)","decl":{"start":{"line":455,"column":51},"end":{"line":455,"column":56}},"loc":{"start":{"line":455,"column":62},"end":{"line":492,"column":3}}},"25":{"name":"(anonymous_26)","decl":{"start":{"line":494,"column":50},"end":{"line":494,"column":55}},"loc":{"start":{"line":494,"column":69},"end":{"line":780,"column":3}}},"26":{"name":"(anonymous_27)","decl":{"start":{"line":790,"column":13},"end":{"line":790,"column":14}},"loc":{"start":{"line":790,"column":21},"end":{"line":793,"column":1}}}},"branchMap":{"0":{"loc":{"start":{"line":15,"column":13},"end":{"line":15,"column":36}},"type":"binary-expr","locations":[{"start":{"line":15,"column":13},"end":{"line":15,"column":30}},{"start":{"line":15,"column":34},"end":{"line":15,"column":36}}]},"1":{"loc":{"start":{"line":16,"column":2},"end":{"line":16,"column":72}},"type":"if","locations":[{"start":{"line":16,"column":2},"end":{"line":16,"column":72}},{"start":{},"end":{}}]},"2":{"loc":{"start":{"line":21,"column":13},"end":{"line":21,"column":36}},"type":"binary-expr","locations":[{"start":{"line":21,"column":13},"end":{"line":21,"column":30}},{"start":{"line":21,"column":34},"end":{"line":21,"column":36}}]},"3":{"loc":{"start":{"line":22,"column":9},"end":{"line":22,"column":21}},"type":"cond-expr","locations":[{"start":{"line":22,"column":13},"end":{"line":22,"column":14}},{"start":{"line":22,"column":17},"end":{"line":22,"column":21}}]},"4":{"loc":{"start":{"line":76,"column":2},"end":{"line":77,"column":51}},"type":"if","locations":[{"start":{"line":76,"column":2},"end":{"line":77,"column":51}},{"start":{"line":77,"column":7},"end":{"line":77,"column":51}}]},"5":{"loc":{"start":{"line":79,"column":10},"end":{"line":79,"column":48}},"type":"cond-expr","locations":[{"start":{"line":79,"column":21},"end":{"line":79,"column":34}},{"start":{"line":79,"column":37},"end":{"line":79,"column":48}}]},"6":{"loc":{"start":{"line":86,"column":9},"end":{"line":86,"column":50}},"type":"binary-expr","locations":[{"start":{"line":86,"column":9},"end":{"line":86,"column":42}},{"start":{"line":86,"column":46},"end":{"line":86,"column":50}}]},"7":{"loc":{"start":{"line":103,"column":2},"end":{"line":105,"column":3}},"type":"if","locations":[{"start":{"line":103,"column":2},"end":{"line":105,"column":3}},{"start":{},"end":{}}]},"8":{"loc":{"start":{"line":103,"column":6},"end":{"line":103,"column":51}},"type":"binary-expr","locations":[{"start":{"line":103,"column":6},"end":{"line":103,"column":17}},{"start":{"line":103,"column":21},"end":{"line":103,"column":51}}]},"9":{"loc":{"start":{"line":110,"column":22},"end":{"line":110,"column":101}},"type":"binary-expr","locations":[{"start":{"line":110,"column":22},"end":{"line":110,"column":47}},{"start":{"line":110,"column":51},"end":{"line":110,"column":71}},{"start":{"line":110,"column":75},"end":{"line":110,"column":101}}]},"10":{"loc":{"start":{"line":111,"column":2},"end":{"line":111,"column":117}},"type":"if","locations":[{"start":{"line":111,"column":2},"end":{"line":111,"column":117}},{"start":{},"end":{}}]},"11":{"loc":{"start":{"line":113,"column":15},"end":{"line":113,"column":68}},"type":"binary-expr","locations":[{"start":{"line":113,"column":15},"end":{"line":113,"column":26}},{"start":{"line":113,"column":30},"end":{"line":113,"column":50}},{"start":{"line":113,"column":54},"end":{"line":113,"column":68}}]},"12":{"loc":{"start":{"line":114,"column":2},"end":{"line":114,"column":152}},"type":"if","locations":[{"start":{"line":114,"column":2},"end":{"line":114,"column":152}},{"start":{},"end":{}}]},"13":{"loc":{"start":{"line":114,"column":6},"end":{"line":114,"column":40}},"type":"binary-expr","locations":[{"start":{"line":114,"column":6},"end":{"line":114,"column":25}},{"start":{"line":114,"column":29},"end":{"line":114,"column":40}}]},"14":{"loc":{"start":{"line":114,"column":86},"end":{"line":114,"column":146}},"type":"binary-expr","locations":[{"start":{"line":114,"column":86},"end":{"line":114,"column":100}},{"start":{"line":114,"column":104},"end":{"line":114,"column":118}},{"start":{"line":114,"column":122},"end":{"line":114,"column":146}}]},"15":{"loc":{"start":{"line":116,"column":18},"end":{"line":116,"column":107}},"type":"binary-expr","locations":[{"start":{"line":116,"column":18},"end":{"line":116,"column":66}},{"start":{"line":116,"column":70},"end":{"line":116,"column":107}}]},"16":{"loc":{"start":{"line":117,"column":2},"end":{"line":117,"column":141}},"type":"if","locations":[{"start":{"line":117,"column":2},"end":{"line":117,"column":141}},{"start":{},"end":{}}]},"17":{"loc":{"start":{"line":119,"column":2},"end":{"line":121,"column":3}},"type":"if","locations":[{"start":{"line":119,"column":2},"end":{"line":121,"column":3}},{"start":{},"end":{}}]},"18":{"loc":{"start":{"line":123,"column":20},"end":{"line":123,"column":36}},"type":"binary-expr","locations":[{"start":{"line":123,"column":20},"end":{"line":123,"column":30}},{"start":{"line":123,"column":34},"end":{"line":123,"column":36}}]},"19":{"loc":{"start":{"line":124,"column":20},"end":{"line":124,"column":120}},"type":"binary-expr","locations":[{"start":{"line":124,"column":20},"end":{"line":124,"column":30}},{"start":{"line":124,"column":34},"end":{"line":124,"column":120}}]},"20":{"loc":{"start":{"line":125,"column":20},"end":{"line":125,"column":112}},"type":"binary-expr","locations":[{"start":{"line":125,"column":20},"end":{"line":125,"column":30}},{"start":{"line":125,"column":34},"end":{"line":125,"column":112}}]},"21":{"loc":{"start":{"line":131,"column":2},"end":{"line":131,"column":65}},"type":"if","locations":[{"start":{"line":131,"column":2},"end":{"line":131,"column":65}},{"start":{},"end":{}}]},"22":{"loc":{"start":{"line":131,"column":6},"end":{"line":131,"column":51}},"type":"binary-expr","locations":[{"start":{"line":131,"column":6},"end":{"line":131,"column":17}},{"start":{"line":131,"column":21},"end":{"line":131,"column":51}}]},"23":{"loc":{"start":{"line":134,"column":4},"end":{"line":138,"column":31}},"type":"binary-expr","locations":[{"start":{"line":134,"column":4},"end":{"line":134,"column":29}},{"start":{"line":135,"column":4},"end":{"line":135,"column":24}},{"start":{"line":136,"column":4},"end":{"line":136,"column":30}},{"start":{"line":137,"column":4},"end":{"line":137,"column":32}},{"start":{"line":138,"column":4},"end":{"line":138,"column":31}}]},"24":{"loc":{"start":{"line":139,"column":9},"end":{"line":139,"column":75}},"type":"cond-expr","locations":[{"start":{"line":139,"column":63},"end":{"line":139,"column":68}},{"start":{"line":139,"column":71},"end":{"line":139,"column":75}}]},"25":{"loc":{"start":{"line":139,"column":9},"end":{"line":139,"column":60}},"type":"binary-expr","locations":[{"start":{"line":139,"column":9},"end":{"line":139,"column":34}},{"start":{"line":139,"column":38},"end":{"line":139,"column":60}}]},"26":{"loc":{"start":{"line":143,"column":2},"end":{"line":143,"column":65}},"type":"if","locations":[{"start":{"line":143,"column":2},"end":{"line":143,"column":65}},{"start":{},"end":{}}]},"27":{"loc":{"start":{"line":143,"column":6},"end":{"line":143,"column":51}},"type":"binary-expr","locations":[{"start":{"line":143,"column":6},"end":{"line":143,"column":17}},{"start":{"line":143,"column":21},"end":{"line":143,"column":51}}]},"28":{"loc":{"start":{"line":146,"column":4},"end":{"line":149,"column":32}},"type":"binary-expr","locations":[{"start":{"line":146,"column":4},"end":{"line":146,"column":52}},{"start":{"line":147,"column":4},"end":{"line":147,"column":41}},{"start":{"line":148,"column":4},"end":{"line":148,"column":34}},{"start":{"line":149,"column":4},"end":{"line":149,"column":32}}]},"29":{"loc":{"start":{"line":150,"column":2},"end":{"line":152,"column":3}},"type":"if","locations":[{"start":{"line":150,"column":2},"end":{"line":152,"column":3}},{"start":{},"end":{}}]},"30":{"loc":{"start":{"line":150,"column":6},"end":{"line":150,"column":76}},"type":"binary-expr","locations":[{"start":{"line":150,"column":6},"end":{"line":150,"column":33}},{"start":{"line":150,"column":37},"end":{"line":150,"column":61}},{"start":{"line":150,"column":65},"end":{"line":150,"column":76}}]},"31":{"loc":{"start":{"line":154,"column":4},"end":{"line":157,"column":28}},"type":"binary-expr","locations":[{"start":{"line":154,"column":4},"end":{"line":154,"column":41}},{"start":{"line":155,"column":4},"end":{"line":155,"column":30}},{"start":{"line":156,"column":4},"end":{"line":156,"column":39}},{"start":{"line":157,"column":4},"end":{"line":157,"column":28}}]},"32":{"loc":{"start":{"line":158,"column":9},"end":{"line":158,"column":69}},"type":"cond-expr","locations":[{"start":{"line":158,"column":51},"end":{"line":158,"column":62}},{"start":{"line":158,"column":65},"end":{"line":158,"column":69}}]},"33":{"loc":{"start":{"line":158,"column":9},"end":{"line":158,"column":48}},"type":"binary-expr","locations":[{"start":{"line":158,"column":9},"end":{"line":158,"column":33}},{"start":{"line":158,"column":37},"end":{"line":158,"column":48}}]},"34":{"loc":{"start":{"line":162,"column":2},"end":{"line":162,"column":73}},"type":"if","locations":[{"start":{"line":162,"column":2},"end":{"line":162,"column":73}},{"start":{},"end":{}}]},"35":{"loc":{"start":{"line":164,"column":2},"end":{"line":164,"column":86}},"type":"if","locations":[{"start":{"line":164,"column":2},"end":{"line":164,"column":86}},{"start":{},"end":{}}]},"36":{"loc":{"start":{"line":165,"column":2},"end":{"line":165,"column":86}},"type":"if","locations":[{"start":{"line":165,"column":2},"end":{"line":165,"column":86}},{"start":{},"end":{}}]},"37":{"loc":{"start":{"line":181,"column":24},"end":{"line":181,"column":88}},"type":"cond-expr","locations":[{"start":{"line":181,"column":48},"end":{"line":181,"column":81}},{"start":{"line":181,"column":84},"end":{"line":181,"column":88}}]},"38":{"loc":{"start":{"line":182,"column":29},"end":{"line":182,"column":62}},"type":"binary-expr","locations":[{"start":{"line":182,"column":29},"end":{"line":182,"column":54}},{"start":{"line":182,"column":58},"end":{"line":182,"column":62}}]},"39":{"loc":{"start":{"line":186,"column":19},"end":{"line":186,"column":155}},"type":"cond-expr","locations":[{"start":{"line":186,"column":47},"end":{"line":186,"column":150}},{"start":{"line":186,"column":153},"end":{"line":186,"column":155}}]},"40":{"loc":{"start":{"line":219,"column":18},"end":{"line":219,"column":136}},"type":"cond-expr","locations":[{"start":{"line":219,"column":34},"end":{"line":219,"column":131}},{"start":{"line":219,"column":134},"end":{"line":219,"column":136}}]},"41":{"loc":{"start":{"line":358,"column":17},"end":{"line":358,"column":110}},"type":"binary-expr","locations":[{"start":{"line":358,"column":17},"end":{"line":358,"column":44}},{"start":{"line":358,"column":48},"end":{"line":358,"column":73}},{"start":{"line":358,"column":77},"end":{"line":358,"column":104}},{"start":{"line":358,"column":108},"end":{"line":358,"column":110}}]},"42":{"loc":{"start":{"line":359,"column":2},"end":{"line":359,"column":115}},"type":"if","locations":[{"start":{"line":359,"column":2},"end":{"line":359,"column":115}},{"start":{},"end":{}}]},"43":{"loc":{"start":{"line":361,"column":17},"end":{"line":361,"column":64}},"type":"binary-expr","locations":[{"start":{"line":361,"column":17},"end":{"line":361,"column":51}},{"start":{"line":361,"column":55},"end":{"line":361,"column":64}}]},"44":{"loc":{"start":{"line":362,"column":2},"end":{"line":364,"column":3}},"type":"if","locations":[{"start":{"line":362,"column":2},"end":{"line":364,"column":3}},{"start":{},"end":{}}]},"45":{"loc":{"start":{"line":367,"column":2},"end":{"line":367,"column":100}},"type":"if","locations":[{"start":{"line":367,"column":2},"end":{"line":367,"column":100}},{"start":{},"end":{}}]},"46":{"loc":{"start":{"line":382,"column":15},"end":{"line":382,"column":62}},"type":"binary-expr","locations":[{"start":{"line":382,"column":15},"end":{"line":382,"column":56}},{"start":{"line":382,"column":60},"end":{"line":382,"column":62}}]},"47":{"loc":{"start":{"line":383,"column":2},"end":{"line":383,"column":98}},"type":"if","locations":[{"start":{"line":383,"column":2},"end":{"line":383,"column":98}},{"start":{},"end":{}}]},"48":{"loc":{"start":{"line":390,"column":2},"end":{"line":390,"column":80}},"type":"if","locations":[{"start":{"line":390,"column":2},"end":{"line":390,"column":80}},{"start":{},"end":{}}]},"49":{"loc":{"start":{"line":396,"column":15},"end":{"line":396,"column":62}},"type":"binary-expr","locations":[{"start":{"line":396,"column":15},"end":{"line":396,"column":26}},{"start":{"line":396,"column":30},"end":{"line":396,"column":62}}]},"50":{"loc":{"start":{"line":409,"column":12},"end":{"line":409,"column":49}},"type":"binary-expr","locations":[{"start":{"line":409,"column":12},"end":{"line":409,"column":23}},{"start":{"line":409,"column":27},"end":{"line":409,"column":49}}]},"51":{"loc":{"start":{"line":415,"column":2},"end":{"line":415,"column":74}},"type":"if","locations":[{"start":{"line":415,"column":2},"end":{"line":415,"column":74}},{"start":{},"end":{}}]},"52":{"loc":{"start":{"line":417,"column":30},"end":{"line":417,"column":44}},"type":"binary-expr","locations":[{"start":{"line":417,"column":30},"end":{"line":417,"column":38}},{"start":{"line":417,"column":42},"end":{"line":417,"column":44}}]},"53":{"loc":{"start":{"line":423,"column":15},"end":{"line":423,"column":74}},"type":"binary-expr","locations":[{"start":{"line":423,"column":15},"end":{"line":423,"column":35}},{"start":{"line":423,"column":39},"end":{"line":423,"column":74}}]},"54":{"loc":{"start":{"line":424,"column":13},"end":{"line":424,"column":99}},"type":"cond-expr","locations":[{"start":{"line":424,"column":54},"end":{"line":424,"column":68}},{"start":{"line":424,"column":71},"end":{"line":424,"column":99}}]},"55":{"loc":{"start":{"line":442,"column":2},"end":{"line":442,"column":74}},"type":"if","locations":[{"start":{"line":442,"column":2},"end":{"line":442,"column":74}},{"start":{},"end":{}}]},"56":{"loc":{"start":{"line":444,"column":31},"end":{"line":444,"column":46}},"type":"binary-expr","locations":[{"start":{"line":444,"column":31},"end":{"line":444,"column":40}},{"start":{"line":444,"column":44},"end":{"line":444,"column":46}}]},"57":{"loc":{"start":{"line":444,"column":64},"end":{"line":444,"column":82}},"type":"binary-expr","locations":[{"start":{"line":444,"column":64},"end":{"line":444,"column":76}},{"start":{"line":444,"column":80},"end":{"line":444,"column":82}}]},"58":{"loc":{"start":{"line":495,"column":38},"end":{"line":495,"column":54}},"type":"binary-expr","locations":[{"start":{"line":495,"column":38},"end":{"line":495,"column":48}},{"start":{"line":495,"column":52},"end":{"line":495,"column":54}}]},"59":{"loc":{"start":{"line":497,"column":4},"end":{"line":551,"column":5}},"type":"if","locations":[{"start":{"line":497,"column":4},"end":{"line":551,"column":5}},{"start":{},"end":{}}]},"60":{"loc":{"start":{"line":500,"column":8},"end":{"line":501,"column":68}},"type":"binary-expr","locations":[{"start":{"line":500,"column":8},"end":{"line":500,"column":26}},{"start":{"line":501,"column":8},"end":{"line":501,"column":68}}]},"61":{"loc":{"start":{"line":504,"column":8},"end":{"line":504,"column":90}},"type":"binary-expr","locations":[{"start":{"line":504,"column":8},"end":{"line":504,"column":38}},{"start":{"line":504,"column":42},"end":{"line":504,"column":90}}]},"62":{"loc":{"start":{"line":507,"column":31},"end":{"line":509,"column":14}},"type":"cond-expr","locations":[{"start":{"line":508,"column":10},"end":{"line":508,"column":101}},{"start":{"line":509,"column":10},"end":{"line":509,"column":14}}]},"63":{"loc":{"start":{"line":539,"column":22},"end":{"line":539,"column":49}},"type":"binary-expr","locations":[{"start":{"line":539,"column":22},"end":{"line":539,"column":41}},{"start":{"line":539,"column":45},"end":{"line":539,"column":49}}]},"64":{"loc":{"start":{"line":553,"column":4},"end":{"line":712,"column":5}},"type":"if","locations":[{"start":{"line":553,"column":4},"end":{"line":712,"column":5}},{"start":{},"end":{}}]},"65":{"loc":{"start":{"line":556,"column":8},"end":{"line":557,"column":68}},"type":"binary-expr","locations":[{"start":{"line":556,"column":8},"end":{"line":556,"column":26}},{"start":{"line":557,"column":8},"end":{"line":557,"column":68}}]},"66":{"loc":{"start":{"line":560,"column":31},"end":{"line":562,"column":14}},"type":"cond-expr","locations":[{"start":{"line":561,"column":10},"end":{"line":561,"column":101}},{"start":{"line":562,"column":10},"end":{"line":562,"column":14}}]},"67":{"loc":{"start":{"line":600,"column":13},"end":{"line":600,"column":43}},"type":"binary-expr","locations":[{"start":{"line":600,"column":13},"end":{"line":600,"column":29}},{"start":{"line":600,"column":33},"end":{"line":600,"column":43}}]},"68":{"loc":{"start":{"line":609,"column":28},"end":{"line":609,"column":50}},"type":"binary-expr","locations":[{"start":{"line":609,"column":28},"end":{"line":609,"column":42}},{"start":{"line":609,"column":46},"end":{"line":609,"column":50}}]},"69":{"loc":{"start":{"line":613,"column":31},"end":{"line":613,"column":46}},"type":"binary-expr","locations":[{"start":{"line":613,"column":31},"end":{"line":613,"column":41}},{"start":{"line":613,"column":45},"end":{"line":613,"column":46}}]},"70":{"loc":{"start":{"line":614,"column":10},"end":{"line":614,"column":52}},"type":"if","locations":[{"start":{"line":614,"column":10},"end":{"line":614,"column":52}},{"start":{},"end":{}}]},"71":{"loc":{"start":{"line":622,"column":16},"end":{"line":622,"column":44}},"type":"cond-expr","locations":[{"start":{"line":622,"column":28},"end":{"line":622,"column":34}},{"start":{"line":622,"column":37},"end":{"line":622,"column":44}}]},"72":{"loc":{"start":{"line":623,"column":15},"end":{"line":623,"column":45}},"type":"cond-expr","locations":[{"start":{"line":623,"column":27},"end":{"line":623,"column":31}},{"start":{"line":623,"column":34},"end":{"line":623,"column":45}}]},"73":{"loc":{"start":{"line":632,"column":19},"end":{"line":632,"column":76}},"type":"binary-expr","locations":[{"start":{"line":632,"column":19},"end":{"line":632,"column":54}},{"start":{"line":632,"column":58},"end":{"line":632,"column":76}}]},"74":{"loc":{"start":{"line":638,"column":16},"end":{"line":638,"column":39}},"type":"binary-expr","locations":[{"start":{"line":638,"column":16},"end":{"line":638,"column":31}},{"start":{"line":638,"column":35},"end":{"line":638,"column":39}}]},"75":{"loc":{"start":{"line":641,"column":25},"end":{"line":641,"column":40}},"type":"binary-expr","locations":[{"start":{"line":641,"column":25},"end":{"line":641,"column":35}},{"start":{"line":641,"column":39},"end":{"line":641,"column":40}}]},"76":{"loc":{"start":{"line":646,"column":12},"end":{"line":648,"column":53}},"type":"cond-expr","locations":[{"start":{"line":647,"column":12},"end":{"line":647,"column":39}},{"start":{"line":648,"column":12},"end":{"line":648,"column":53}}]},"77":{"loc":{"start":{"line":650,"column":16},"end":{"line":650,"column":41}},"type":"cond-expr","locations":[{"start":{"line":650,"column":25},"end":{"line":650,"column":31}},{"start":{"line":650,"column":34},"end":{"line":650,"column":41}}]},"78":{"loc":{"start":{"line":651,"column":15},"end":{"line":651,"column":38}},"type":"cond-expr","locations":[{"start":{"line":651,"column":24},"end":{"line":651,"column":28}},{"start":{"line":651,"column":31},"end":{"line":651,"column":38}}]},"79":{"loc":{"start":{"line":662,"column":31},"end":{"line":662,"column":50}},"type":"binary-expr","locations":[{"start":{"line":662,"column":31},"end":{"line":662,"column":40}},{"start":{"line":662,"column":44},"end":{"line":662,"column":50}}]},"80":{"loc":{"start":{"line":664,"column":6},"end":{"line":670,"column":7}},"type":"if","locations":[{"start":{"line":664,"column":6},"end":{"line":670,"column":7}},{"start":{},"end":{}}]},"81":{"loc":{"start":{"line":678,"column":21},"end":{"line":678,"column":45}},"type":"binary-expr","locations":[{"start":{"line":678,"column":21},"end":{"line":678,"column":37}},{"start":{"line":678,"column":41},"end":{"line":678,"column":45}}]},"82":{"loc":{"start":{"line":688,"column":45},"end":{"line":688,"column":60}},"type":"binary-expr","locations":[{"start":{"line":688,"column":45},"end":{"line":688,"column":55}},{"start":{"line":688,"column":59},"end":{"line":688,"column":60}}]},"83":{"loc":{"start":{"line":714,"column":4},"end":{"line":718,"column":5}},"type":"if","locations":[{"start":{"line":714,"column":4},"end":{"line":718,"column":5}},{"start":{},"end":{}}]},"84":{"loc":{"start":{"line":720,"column":4},"end":{"line":724,"column":5}},"type":"if","locations":[{"start":{"line":720,"column":4},"end":{"line":724,"column":5}},{"start":{},"end":{}}]},"85":{"loc":{"start":{"line":726,"column":4},"end":{"line":747,"column":5}},"type":"if","locations":[{"start":{"line":726,"column":4},"end":{"line":747,"column":5}},{"start":{},"end":{}}]},"86":{"loc":{"start":{"line":732,"column":20},"end":{"line":732,"column":67}},"type":"binary-expr","locations":[{"start":{"line":732,"column":20},"end":{"line":732,"column":39}},{"start":{"line":732,"column":43},"end":{"line":732,"column":67}}]},"87":{"loc":{"start":{"line":734,"column":22},"end":{"line":734,"column":74}},"type":"binary-expr","locations":[{"start":{"line":734,"column":22},"end":{"line":734,"column":41}},{"start":{"line":734,"column":45},"end":{"line":734,"column":66}},{"start":{"line":734,"column":70},"end":{"line":734,"column":74}}]},"88":{"loc":{"start":{"line":735,"column":22},"end":{"line":735,"column":74}},"type":"binary-expr","locations":[{"start":{"line":735,"column":22},"end":{"line":735,"column":41}},{"start":{"line":735,"column":45},"end":{"line":735,"column":66}},{"start":{"line":735,"column":70},"end":{"line":735,"column":74}}]},"89":{"loc":{"start":{"line":736,"column":19},"end":{"line":736,"column":65}},"type":"binary-expr","locations":[{"start":{"line":736,"column":19},"end":{"line":736,"column":35}},{"start":{"line":736,"column":39},"end":{"line":736,"column":57}},{"start":{"line":736,"column":61},"end":{"line":736,"column":65}}]},"90":{"loc":{"start":{"line":737,"column":17},"end":{"line":737,"column":59}},"type":"binary-expr","locations":[{"start":{"line":737,"column":17},"end":{"line":737,"column":31}},{"start":{"line":737,"column":35},"end":{"line":737,"column":51}},{"start":{"line":737,"column":55},"end":{"line":737,"column":59}}]},"91":{"loc":{"start":{"line":738,"column":26},"end":{"line":738,"column":86}},"type":"binary-expr","locations":[{"start":{"line":738,"column":26},"end":{"line":738,"column":49}},{"start":{"line":738,"column":53},"end":{"line":738,"column":78}},{"start":{"line":738,"column":82},"end":{"line":738,"column":86}}]},"92":{"loc":{"start":{"line":739,"column":24},"end":{"line":739,"column":80}},"type":"binary-expr","locations":[{"start":{"line":739,"column":24},"end":{"line":739,"column":45}},{"start":{"line":739,"column":49},"end":{"line":739,"column":72}},{"start":{"line":739,"column":76},"end":{"line":739,"column":80}}]},"93":{"loc":{"start":{"line":740,"column":17},"end":{"line":740,"column":57}},"type":"binary-expr","locations":[{"start":{"line":740,"column":17},"end":{"line":740,"column":30}},{"start":{"line":740,"column":34},"end":{"line":740,"column":49}},{"start":{"line":740,"column":53},"end":{"line":740,"column":57}}]},"94":{"loc":{"start":{"line":741,"column":19},"end":{"line":741,"column":63}},"type":"binary-expr","locations":[{"start":{"line":741,"column":19},"end":{"line":741,"column":34}},{"start":{"line":741,"column":38},"end":{"line":741,"column":55}},{"start":{"line":741,"column":59},"end":{"line":741,"column":63}}]},"95":{"loc":{"start":{"line":742,"column":15},"end":{"line":742,"column":35}},"type":"binary-expr","locations":[{"start":{"line":742,"column":15},"end":{"line":742,"column":29}},{"start":{"line":742,"column":33},"end":{"line":742,"column":35}}]},"96":{"loc":{"start":{"line":749,"column":4},"end":{"line":777,"column":5}},"type":"if","locations":[{"start":{"line":749,"column":4},"end":{"line":777,"column":5}},{"start":{},"end":{}}]},"97":{"loc":{"start":{"line":752,"column":23},"end":{"line":752,"column":67}},"type":"binary-expr","locations":[{"start":{"line":752,"column":23},"end":{"line":752,"column":39}},{"start":{"line":752,"column":43},"end":{"line":752,"column":67}}]},"98":{"loc":{"start":{"line":753,"column":21},"end":{"line":753,"column":41}},"type":"binary-expr","locations":[{"start":{"line":753,"column":21},"end":{"line":753,"column":35}},{"start":{"line":753,"column":39},"end":{"line":753,"column":41}}]},"99":{"loc":{"start":{"line":756,"column":20},"end":{"line":756,"column":45}},"type":"binary-expr","locations":[{"start":{"line":756,"column":20},"end":{"line":756,"column":37}},{"start":{"line":756,"column":41},"end":{"line":756,"column":45}}]},"100":{"loc":{"start":{"line":757,"column":12},"end":{"line":757,"column":29}},"type":"binary-expr","locations":[{"start":{"line":757,"column":12},"end":{"line":757,"column":21}},{"start":{"line":757,"column":25},"end":{"line":757,"column":29}}]},"101":{"loc":{"start":{"line":785,"column":2},"end":{"line":787,"column":3}},"type":"if","locations":[{"start":{"line":785,"column":2},"end":{"line":787,"column":3}},{"start":{},"end":{}}]}},"s":{"0":1,"1":1,"2":1,"3":1,"4":1,"5":1,"6":1,"7":1,"8":1,"9":1,"10":1,"11":1,"12":5,"13":5,"14":0,"15":5,"16":0,"17":0,"18":1,"19":0,"20":0,"21":0,"22":0,"23":0,"24":0,"25":0,"26":0,"27":0,"28":0,"29":0,"30":0,"31":0,"32":0,"33":0,"34":0,"35":0,"36":0,"37":0,"38":0,"39":1,"40":0,"41":0,"42":0,"43":0,"44":0,"45":0,"46":0,"47":0,"48":0,"49":0,"50":0,"51":0,"52":0,"53":0,"54":0,"55":0,"56":0,"57":0,"58":0,"59":0,"60":0,"61":0,"62":0,"63":0,"64":0,"65":0,"66":0,"67":0,"68":0,"69":0,"70":0,"71":0,"72":0,"73":0,"74":0,"75":0,"76":0,"77":0,"78":0,"79":0,"80":0,"81":0,"82":0,"83":0,"84":0,"85":0,"86":0,"87":0,"88":0,"89":0,"90":1,"91":1,"92":1,"93":1,"94":1,"95":1,"96":0,"97":0,"98":0,"99":0,"100":0,"101":0,"102":0,"103":0,"104":0,"105":0,"106":0,"107":0,"108":0,"109":0,"110":0,"111":0,"112":0,"113":0,"114":0,"115":0,"116":0,"117":0,"118":0,"119":0,"120":0,"121":1,"122":1,"123":1,"124":1,"125":1,"126":0,"127":1,"128":1,"129":1,"130":1,"131":1,"132":1,"133":1,"134":1,"135":1,"136":1,"137":1,"138":1,"139":1,"140":1,"141":0,"142":1,"143":1,"144":1,"145":1,"146":1,"147":0,"148":1,"149":0,"150":0,"151":0,"152":0,"153":0,"154":0,"155":0,"156":0,"157":0,"158":0,"159":0,"160":0,"161":0,"162":0,"163":0,"164":0,"165":0,"166":0,"167":0,"168":0,"169":0,"170":0,"171":0,"172":0,"173":0,"174":0,"175":0,"176":0,"177":0,"178":0,"179":0,"180":0,"181":0,"182":0,"183":0,"184":0,"185":0,"186":0,"187":0,"188":0,"189":0,"190":0,"191":0,"192":0,"193":0,"194":0,"195":0,"196":0,"197":0,"198":0,"199":0,"200":0,"201":0,"202":0,"203":0,"204":0,"205":0,"206":0,"207":0,"208":0,"209":0,"210":0,"211":0,"212":0,"213":0,"214":0,"215":0,"216":0,"217":0,"218":0,"219":0,"220":0,"221":0,"222":0,"223":0,"224":0,"225":0,"226":0,"227":0,"228":0,"229":0,"230":0,"231":0,"232":1,"233":1,"234":1,"235":1,"236":0,"237":0},"f":{"0":5,"1":0,"2":1,"3":0,"4":0,"5":0,"6":0,"7":0,"8":0,"9":1,"10":0,"11":0,"12":0,"13":0,"14":0,"15":0,"16":0,"17":0,"18":0,"19":0,"20":0,"21":1,"22":1,"23":1,"24":0,"25":0,"26":0},"b":{"0":[5,0],"1":[0,5],"2":[0,0],"3":[0,0],"4":[0,0],"5":[0,0],"6":[0,0],"7":[0,0],"8":[0,0],"9":[0,0,0],"10":[0,0],"11":[0,0,0],"12":[0,0],"13":[0,0],"14":[0,0,0],"15":[0,0],"16":[0,0],"17":[0,0],"18":[0,0],"19":[0,0],"20":[0,0],"21":[0,0],"22":[0,0],"23":[0,0,0,0,0],"24":[0,0],"25":[0,0],"26":[0,0],"27":[0,0],"28":[0,0,0,0],"29":[0,0],"30":[0,0,0],"31":[0,0,0,0],"32":[0,0],"33":[0,0],"34":[0,0],"35":[0,0],"36":[0,0],"37":[0,0],"38":[0,0],"39":[0,0],"40":[0,0],"41":[0,0,0,0],"42":[0,0],"43":[0,0],"44":[0,0],"45":[0,0],"46":[0,0],"47":[0,0],"48":[0,0],"49":[1,1],"50":[1,1],"51":[0,1],"52":[1,0],"53":[1,1],"54":[0,1],"55":[0,1],"56":[1,0],"57":[1,0],"58":[0,0],"59":[0,0],"60":[0,0],"61":[0,0],"62":[0,0],"63":[0,0],"64":[0,0],"65":[0,0],"66":[0,0],"67":[0,0],"68":[0,0],"69":[0,0],"70":[0,0],"71":[0,0],"72":[0,0],"73":[0,0],"74":[0,0],"75":[0,0],"76":[0,0],"77":[0,0],"78":[0,0],"79":[0,0],"80":[0,0],"81":[0,0],"82":[0,0],"83":[0,0],"84":[0,0],"85":[0,0],"86":[0,0],"87":[0,0,0],"88":[0,0,0],"89":[0,0,0],"90":[0,0,0],"91":[0,0,0],"92":[0,0,0],"93":[0,0,0],"94":[0,0,0],"95":[0,0],"96":[0,0],"97":[0,0],"98":[0,0],"99":[0,0],"100":[0,0],"101":[1,0]}}
,"C:\\Users\\Jono\\.cursor\\projects\\vantage-stack\\mcp\\report-builder\\scoring.ts": {"path":"C:\\Users\\Jono\\.cursor\\projects\\vantage-stack\\mcp\\report-builder\\scoring.ts","statementMap":{"0":{"start":{"line":32,"column":0},"end":{"line":32,"column":16}},"1":{"start":{"line":4,"column":2},"end":{"line":4,"column":37}},"2":{"start":{"line":8,"column":2},"end":{"line":8,"column":60}},"3":{"start":{"line":8,"column":51},"end":{"line":8,"column":60}},"4":{"start":{"line":9,"column":2},"end":{"line":12,"column":3}},"5":{"start":{"line":10,"column":14},"end":{"line":10,"column":23}},"6":{"start":{"line":11,"column":4},"end":{"line":11,"column":37}},"7":{"start":{"line":11,"column":28},"end":{"line":11,"column":37}},"8":{"start":{"line":13,"column":2},"end":{"line":13,"column":19}},"9":{"start":{"line":19,"column":17},"end":{"line":19,"column":63}},"10":{"start":{"line":19,"column":51},"end":{"line":19,"column":62}},"11":{"start":{"line":20,"column":2},"end":{"line":20,"column":51}},"12":{"start":{"line":20,"column":30},"end":{"line":20,"column":51}},"13":{"start":{"line":21,"column":2},"end":{"line":28,"column":3}},"14":{"start":{"line":21,"column":15},"end":{"line":21,"column":16}},"15":{"start":{"line":22,"column":21},"end":{"line":22,"column":35}},"16":{"start":{"line":23,"column":21},"end":{"line":23,"column":31}},"17":{"start":{"line":24,"column":4},"end":{"line":27,"column":5}},"18":{"start":{"line":25,"column":16},"end":{"line":25,"column":40}},"19":{"start":{"line":26,"column":6},"end":{"line":26,"column":32}},"20":{"start":{"line":29,"column":2},"end":{"line":29,"column":39}},"21":{"start":{"line":33,"column":26},"end":{"line":33,"column":28}},"22":{"start":{"line":36,"column":24},"end":{"line":36,"column":79}},"23":{"start":{"line":37,"column":23},"end":{"line":46,"column":null}},"24":{"start":{"line":48,"column":2},"end":{"line":48,"column":102}},"25":{"start":{"line":48,"column":22},"end":{"line":48,"column":102}},"26":{"start":{"line":51,"column":17},"end":{"line":51,"column":63}},"27":{"start":{"line":52,"column":18},"end":{"line":52,"column":65}},"28":{"start":{"line":53,"column":20},"end":{"line":53,"column":37}},"29":{"start":{"line":54,"column":21},"end":{"line":65,"column":null}},"30":{"start":{"line":67,"column":2},"end":{"line":67,"column":110}},"31":{"start":{"line":67,"column":31},"end":{"line":67,"column":110}},"32":{"start":{"line":70,"column":27},"end":{"line":70,"column":87}},"33":{"start":{"line":71,"column":20},"end":{"line":71,"column":73}},"34":{"start":{"line":72,"column":18},"end":{"line":80,"column":4}},"35":{"start":{"line":82,"column":4},"end":{"line":92,"column":10}},"36":{"start":{"line":93,"column":25},"end":{"line":94,"column":null}},"37":{"start":{"line":96,"column":2},"end":{"line":96,"column":114}},"38":{"start":{"line":96,"column":25},"end":{"line":96,"column":114}},"39":{"start":{"line":99,"column":16},"end":{"line":99,"column":90}},"40":{"start":{"line":101,"column":2},"end":{"line":101,"column":68}}},"fnMap":{"0":{"name":"clamp01","decl":{"start":{"line":3,"column":9},"end":{"line":3,"column":16}},"loc":{"start":{"line":3,"column":26},"end":{"line":5,"column":1}}},"1":{"name":"toNumber","decl":{"start":{"line":7,"column":9},"end":{"line":7,"column":17}},"loc":{"start":{"line":7,"column":28},"end":{"line":14,"column":1}}},"2":{"name":"scoreFromThresholds","decl":{"start":{"line":16,"column":9},"end":{"line":16,"column":28}},"loc":{"start":{"line":16,"column":79},"end":{"line":30,"column":1}}},"3":{"name":"(anonymous_3)","decl":{"start":{"line":19,"column":41},"end":{"line":19,"column":42}},"loc":{"start":{"line":19,"column":51},"end":{"line":19,"column":62}}},"4":{"name":"generateHealthScore","decl":{"start":{"line":32,"column":16},"end":{"line":32,"column":35}},"loc":{"start":{"line":32,"column":58},"end":{"line":102,"column":1}}}},"branchMap":{"0":{"loc":{"start":{"line":8,"column":2},"end":{"line":8,"column":60}},"type":"if","locations":[{"start":{"line":8,"column":2},"end":{"line":8,"column":60}},{"start":{},"end":{}}]},"1":{"loc":{"start":{"line":8,"column":6},"end":{"line":8,"column":49}},"type":"binary-expr","locations":[{"start":{"line":8,"column":6},"end":{"line":8,"column":27}},{"start":{"line":8,"column":31},"end":{"line":8,"column":49}}]},"2":{"loc":{"start":{"line":9,"column":2},"end":{"line":12,"column":3}},"type":"if","locations":[{"start":{"line":9,"column":2},"end":{"line":12,"column":3}},{"start":{},"end":{}}]},"3":{"loc":{"start":{"line":11,"column":4},"end":{"line":11,"column":37}},"type":"if","locations":[{"start":{"line":11,"column":4},"end":{"line":11,"column":37}},{"start":{},"end":{}}]},"4":{"loc":{"start":{"line":20,"column":2},"end":{"line":20,"column":51}},"type":"if","locations":[{"start":{"line":20,"column":2},"end":{"line":20,"column":51}},{"start":{},"end":{}}]},"5":{"loc":{"start":{"line":24,"column":4},"end":{"line":27,"column":5}},"type":"if","locations":[{"start":{"line":24,"column":4},"end":{"line":27,"column":5}},{"start":{},"end":{}}]},"6":{"loc":{"start":{"line":36,"column":24},"end":{"line":36,"column":79}},"type":"binary-expr","locations":[{"start":{"line":36,"column":24},"end":{"line":36,"column":74}},{"start":{"line":36,"column":78},"end":{"line":36,"column":79}}]},"7":{"loc":{"start":{"line":48,"column":2},"end":{"line":48,"column":102}},"type":"if","locations":[{"start":{"line":48,"column":2},"end":{"line":48,"column":102}},{"start":{},"end":{}}]},"8":{"loc":{"start":{"line":53,"column":20},"end":{"line":53,"column":37}},"type":"binary-expr","locations":[{"start":{"line":53,"column":20},"end":{"line":53,"column":26}},{"start":{"line":53,"column":30},"end":{"line":53,"column":37}}]},"9":{"loc":{"start":{"line":55,"column":4},"end":{"line":65,"column":23}},"type":"cond-expr","locations":[{"start":{"line":56,"column":8},"end":{"line":56,"column":10}},{"start":{"line":57,"column":8},"end":{"line":65,"column":23}}]},"10":{"loc":{"start":{"line":67,"column":2},"end":{"line":67,"column":110}},"type":"if","locations":[{"start":{"line":67,"column":2},"end":{"line":67,"column":110}},{"start":{},"end":{}}]},"11":{"loc":{"start":{"line":70,"column":27},"end":{"line":70,"column":87}},"type":"binary-expr","locations":[{"start":{"line":70,"column":27},"end":{"line":70,"column":82}},{"start":{"line":70,"column":86},"end":{"line":70,"column":87}}]},"12":{"loc":{"start":{"line":82,"column":4},"end":{"line":92,"column":10}},"type":"cond-expr","locations":[{"start":{"line":83,"column":8},"end":{"line":83,"column":17}},{"start":{"line":84,"column":8},"end":{"line":92,"column":10}}]},"13":{"loc":{"start":{"line":94,"column":31},"end":{"line":94,"column":46}},"type":"binary-expr","locations":[{"start":{"line":94,"column":31},"end":{"line":94,"column":40}},{"start":{"line":94,"column":44},"end":{"line":94,"column":46}}]},"14":{"loc":{"start":{"line":96,"column":2},"end":{"line":96,"column":114}},"type":"if","locations":[{"start":{"line":96,"column":2},"end":{"line":96,"column":114}},{"start":{},"end":{}}]}},"s":{"0":2,"1":14,"2":20,"3":13,"4":7,"5":0,"6":0,"7":0,"8":7,"9":14,"10":84,"11":14,"12":4,"13":10,"14":10,"15":39,"16":39,"17":39,"18":10,"19":10,"20":0,"21":4,"22":4,"23":4,"24":4,"25":2,"26":4,"27":4,"28":4,"29":4,"30":4,"31":1,"32":4,"33":4,"34":4,"35":4,"36":4,"37":4,"38":2,"39":4,"40":4},"f":{"0":14,"1":20,"2":14,"3":84,"4":4},"b":{"0":[13,7],"1":[20,13],"2":[0,7],"3":[0,0],"4":[4,10],"5":[10,29],"6":[4,1],"7":[2,2],"8":[4,1],"9":[1,3],"10":[1,3],"11":[4,1],"12":[1,3],"13":[4,1],"14":[2,2]}}
,"C:\\Users\\Jono\\.cursor\\projects\\vantage-stack\\mcp\\research-orchestrator\\server.ts": {"path":"C:\\Users\\Jono\\.cursor\\projects\\vantage-stack\\mcp\\research-orchestrator\\server.ts","statementMap":{"0":{"start":{"line":373,"column":0},"end":{"line":373,"column":16}},"1":{"start":{"line":475,"column":0},"end":{"line":475,"column":7}},"2":{"start":{"line":2,"column":0},"end":{"line":2,"column":67}},"3":{"start":{"line":3,"column":0},"end":{"line":3,"column":81}},"4":{"start":{"line":4,"column":0},"end":{"line":4,"column":99}},"5":{"start":{"line":5,"column":0},"end":{"line":5,"column":24}},"6":{"start":{"line":6,"column":0},"end":{"line":6,"column":32}},"7":{"start":{"line":11,"column":2},"end":{"line":11,"column":97}},"8":{"start":{"line":15,"column":2},"end":{"line":15,"column":42}},"9":{"start":{"line":19,"column":2},"end":{"line":19,"column":47}},"10":{"start":{"line":19,"column":28},"end":{"line":19,"column":45}},"11":{"start":{"line":23,"column":2},"end":{"line":23,"column":69}},"12":{"start":{"line":27,"column":12},"end":{"line":27,"column":22}},"13":{"start":{"line":28,"column":2},"end":{"line":28,"column":40}},"14":{"start":{"line":28,"column":23},"end":{"line":28,"column":40}},"15":{"start":{"line":29,"column":2},"end":{"line":29,"column":33}},"16":{"start":{"line":29,"column":24},"end":{"line":29,"column":33}},"17":{"start":{"line":30,"column":2},"end":{"line":30,"column":41}},"18":{"start":{"line":30,"column":26},"end":{"line":30,"column":41}},"19":{"start":{"line":31,"column":2},"end":{"line":31,"column":19}},"20":{"start":{"line":35,"column":14},"end":{"line":35,"column":40}},"21":{"start":{"line":36,"column":2},"end":{"line":36,"column":22}},"22":{"start":{"line":36,"column":12},"end":{"line":36,"column":22}},"23":{"start":{"line":37,"column":2},"end":{"line":43,"column":3}},"24":{"start":{"line":38,"column":4},"end":{"line":38,"column":80}},"25":{"start":{"line":38,"column":29},"end":{"line":38,"column":80}},"26":{"start":{"line":40,"column":4},"end":{"line":40,"column":52}},"27":{"start":{"line":42,"column":4},"end":{"line":42,"column":52}},"28":{"start":{"line":47,"column":17},"end":{"line":47,"column":35}},"29":{"start":{"line":48,"column":2},"end":{"line":48,"column":28}},"30":{"start":{"line":48,"column":14},"end":{"line":48,"column":28}},"31":{"start":{"line":49,"column":14},"end":{"line":49,"column":85}},"32":{"start":{"line":50,"column":2},"end":{"line":50,"column":19}},"33":{"start":{"line":54,"column":2},"end":{"line":73,"column":5}},"34":{"start":{"line":76,"column":28},"end":{"line":80,"column":2}},"35":{"start":{"line":83,"column":18},"end":{"line":83,"column":77}},"36":{"start":{"line":84,"column":17},"end":{"line":84,"column":74}},"37":{"start":{"line":85,"column":2},"end":{"line":85,"column":87}},"38":{"start":{"line":85,"column":16},"end":{"line":85,"column":87}},"39":{"start":{"line":86,"column":17},"end":{"line":86,"column":44}},"40":{"start":{"line":88,"column":14},"end":{"line":88,"column":70}},"41":{"start":{"line":89,"column":2},"end":{"line":89,"column":41}},"42":{"start":{"line":90,"column":2},"end":{"line":90,"column":54}},"43":{"start":{"line":90,"column":14},"end":{"line":90,"column":54}},"44":{"start":{"line":92,"column":14},"end":{"line":92,"column":60}},"45":{"start":{"line":93,"column":15},"end":{"line":93,"column":31}},"46":{"start":{"line":94,"column":2},"end":{"line":94,"column":74}},"47":{"start":{"line":94,"column":15},"end":{"line":94,"column":74}},"48":{"start":{"line":95,"column":15},"end":{"line":95,"column":31}},"49":{"start":{"line":99,"column":4},"end":{"line":102,"column":31}},"50":{"start":{"line":105,"column":4},"end":{"line":108,"column":39}},"51":{"start":{"line":110,"column":24},"end":{"line":110,"column":114}},"52":{"start":{"line":111,"column":64},"end":{"line":118,"column":8}},"53":{"start":{"line":113,"column":26},"end":{"line":116,"column":10}},"54":{"start":{"line":117,"column":23},"end":{"line":117,"column":31}},"55":{"start":{"line":120,"column":2},"end":{"line":120,"column":87}},"56":{"start":{"line":123,"column":25},"end":{"line":127,"column":2}},"57":{"start":{"line":130,"column":18},"end":{"line":130,"column":74}},"58":{"start":{"line":131,"column":17},"end":{"line":131,"column":71}},"59":{"start":{"line":132,"column":2},"end":{"line":132,"column":84}},"60":{"start":{"line":132,"column":16},"end":{"line":132,"column":84}},"61":{"start":{"line":133,"column":17},"end":{"line":133,"column":44}},"62":{"start":{"line":135,"column":14},"end":{"line":135,"column":60}},"63":{"start":{"line":136,"column":2},"end":{"line":136,"column":41}},"64":{"start":{"line":137,"column":2},"end":{"line":137,"column":54}},"65":{"start":{"line":137,"column":14},"end":{"line":137,"column":54}},"66":{"start":{"line":139,"column":14},"end":{"line":139,"column":60}},"67":{"start":{"line":140,"column":15},"end":{"line":140,"column":31}},"68":{"start":{"line":141,"column":2},"end":{"line":141,"column":71}},"69":{"start":{"line":141,"column":15},"end":{"line":141,"column":71}},"70":{"start":{"line":142,"column":15},"end":{"line":142,"column":31}},"71":{"start":{"line":145,"column":4},"end":{"line":148,"column":39}},"72":{"start":{"line":151,"column":4},"end":{"line":154,"column":41}},"73":{"start":{"line":157,"column":4},"end":{"line":161,"column":39}},"74":{"start":{"line":163,"column":22},"end":{"line":163,"column":116}},"75":{"start":{"line":164,"column":67},"end":{"line":171,"column":8}},"76":{"start":{"line":166,"column":26},"end":{"line":169,"column":10}},"77":{"start":{"line":170,"column":23},"end":{"line":170,"column":32}},"78":{"start":{"line":173,"column":2},"end":{"line":173,"column":110}},"79":{"start":{"line":176,"column":23},"end":{"line":180,"column":2}},"80":{"start":{"line":183,"column":2},"end":{"line":183,"column":45}},"81":{"start":{"line":183,"column":28},"end":{"line":183,"column":45}},"82":{"start":{"line":184,"column":12},"end":{"line":184,"column":41}},"83":{"start":{"line":185,"column":2},"end":{"line":185,"column":54}},"84":{"start":{"line":185,"column":37},"end":{"line":185,"column":54}},"85":{"start":{"line":186,"column":14},"end":{"line":186,"column":24}},"86":{"start":{"line":187,"column":16},"end":{"line":187,"column":68}},"87":{"start":{"line":188,"column":2},"end":{"line":188,"column":62}},"88":{"start":{"line":192,"column":18},"end":{"line":192,"column":72}},"89":{"start":{"line":193,"column":17},"end":{"line":193,"column":69}},"90":{"start":{"line":194,"column":2},"end":{"line":194,"column":82}},"91":{"start":{"line":194,"column":16},"end":{"line":194,"column":82}},"92":{"start":{"line":195,"column":17},"end":{"line":195,"column":44}},"93":{"start":{"line":197,"column":14},"end":{"line":197,"column":41}},"94":{"start":{"line":198,"column":2},"end":{"line":198,"column":41}},"95":{"start":{"line":199,"column":2},"end":{"line":199,"column":54}},"96":{"start":{"line":199,"column":14},"end":{"line":199,"column":54}},"97":{"start":{"line":201,"column":14},"end":{"line":201,"column":60}},"98":{"start":{"line":202,"column":15},"end":{"line":202,"column":31}},"99":{"start":{"line":203,"column":2},"end":{"line":203,"column":69}},"100":{"start":{"line":203,"column":15},"end":{"line":203,"column":69}},"101":{"start":{"line":204,"column":15},"end":{"line":204,"column":31}},"102":{"start":{"line":207,"column":4},"end":{"line":210,"column":95}},"103":{"start":{"line":212,"column":25},"end":{"line":212,"column":77}},"104":{"start":{"line":214,"column":2},"end":{"line":214,"column":80}},"105":{"start":{"line":217,"column":27},"end":{"line":220,"column":2}},"106":{"start":{"line":223,"column":17},"end":{"line":223,"column":73}},"107":{"start":{"line":224,"column":20},"end":{"line":224,"column":36}},"108":{"start":{"line":226,"column":15},"end":{"line":226,"column":75}},"109":{"start":{"line":227,"column":18},"end":{"line":233,"column":3}},"110":{"start":{"line":228,"column":14},"end":{"line":228,"column":27}},"111":{"start":{"line":229,"column":4},"end":{"line":229,"column":41}},"112":{"start":{"line":230,"column":4},"end":{"line":230,"column":45}},"113":{"start":{"line":231,"column":4},"end":{"line":231,"column":50}},"114":{"start":{"line":231,"column":16},"end":{"line":231,"column":50}},"115":{"start":{"line":232,"column":4},"end":{"line":232,"column":24}},"116":{"start":{"line":236,"column":16},"end":{"line":236,"column":65}},"117":{"start":{"line":237,"column":17},"end":{"line":237,"column":33}},"118":{"start":{"line":238,"column":4},"end":{"line":238,"column":75}},"119":{"start":{"line":238,"column":17},"end":{"line":238,"column":75}},"120":{"start":{"line":239,"column":17},"end":{"line":239,"column":33}},"121":{"start":{"line":240,"column":20},"end":{"line":240,"column":83}},"122":{"start":{"line":241,"column":18},"end":{"line":241,"column":105}},"123":{"start":{"line":242,"column":16},"end":{"line":242,"column":98}},"124":{"start":{"line":243,"column":4},"end":{"line":243,"column":85}},"125":{"start":{"line":246,"column":28},"end":{"line":246,"column":78}},"126":{"start":{"line":247,"column":2},"end":{"line":255,"column":4}},"127":{"start":{"line":258,"column":27},"end":{"line":268,"column":2}},"128":{"start":{"line":281,"column":21},"end":{"line":281,"column":110}},"129":{"start":{"line":282,"column":17},"end":{"line":282,"column":50}},"130":{"start":{"line":283,"column":63},"end":{"line":283,"column":65}},"131":{"start":{"line":291,"column":2},"end":{"line":300,"column":3}},"132":{"start":{"line":292,"column":15},"end":{"line":292,"column":50}},"133":{"start":{"line":293,"column":4},"end":{"line":297,"column":6}},"134":{"start":{"line":299,"column":4},"end":{"line":299,"column":78}},"135":{"start":{"line":301,"column":2},"end":{"line":301,"column":30}},"136":{"start":{"line":304,"column":2},"end":{"line":314,"column":3}},"137":{"start":{"line":305,"column":15},"end":{"line":305,"column":47}},"138":{"start":{"line":306,"column":4},"end":{"line":311,"column":6}},"139":{"start":{"line":313,"column":4},"end":{"line":313,"column":75}},"140":{"start":{"line":315,"column":2},"end":{"line":315,"column":30}},"141":{"start":{"line":318,"column":2},"end":{"line":323,"column":3}},"142":{"start":{"line":319,"column":15},"end":{"line":319,"column":45}},"143":{"start":{"line":320,"column":4},"end":{"line":320,"column":109}},"144":{"start":{"line":322,"column":4},"end":{"line":322,"column":73}},"145":{"start":{"line":324,"column":2},"end":{"line":324,"column":30}},"146":{"start":{"line":327,"column":2},"end":{"line":332,"column":3}},"147":{"start":{"line":328,"column":15},"end":{"line":328,"column":58}},"148":{"start":{"line":329,"column":4},"end":{"line":329,"column":146}},"149":{"start":{"line":331,"column":4},"end":{"line":331,"column":77}},"150":{"start":{"line":334,"column":2},"end":{"line":334,"column":76}},"151":{"start":{"line":338,"column":20},"end":{"line":338,"column":107}},"152":{"start":{"line":338,"column":82},"end":{"line":338,"column":105}},"153":{"start":{"line":339,"column":84},"end":{"line":339,"column":86}},"154":{"start":{"line":340,"column":2},"end":{"line":346,"column":3}},"155":{"start":{"line":341,"column":4},"end":{"line":345,"column":5}},"156":{"start":{"line":342,"column":17},"end":{"line":342,"column":40}},"157":{"start":{"line":343,"column":6},"end":{"line":343,"column":24}},"158":{"start":{"line":343,"column":15},"end":{"line":343,"column":24}},"159":{"start":{"line":344,"column":6},"end":{"line":344,"column":107}},"160":{"start":{"line":344,"column":30},"end":{"line":344,"column":107}},"161":{"start":{"line":347,"column":15},"end":{"line":347,"column":91}},"162":{"start":{"line":348,"column":2},"end":{"line":352,"column":3}},"163":{"start":{"line":349,"column":16},"end":{"line":349,"column":39}},"164":{"start":{"line":350,"column":17},"end":{"line":350,"column":30}},"165":{"start":{"line":351,"column":4},"end":{"line":351,"column":72}},"166":{"start":{"line":351,"column":55},"end":{"line":351,"column":72}},"167":{"start":{"line":353,"column":2},"end":{"line":353,"column":98}},"168":{"start":{"line":353,"column":50},"end":{"line":353,"column":83}},"169":{"start":{"line":357,"column":24},"end":{"line":357,"column":64}},"170":{"start":{"line":358,"column":22},"end":{"line":358,"column":66}},"171":{"start":{"line":359,"column":26},"end":{"line":359,"column":65}},"172":{"start":{"line":360,"column":24},"end":{"line":360,"column":67}},"173":{"start":{"line":361,"column":19},"end":{"line":361,"column":59}},"174":{"start":{"line":362,"column":17},"end":{"line":362,"column":61}},"175":{"start":{"line":364,"column":17},"end":{"line":368,"column":4}},"176":{"start":{"line":370,"column":2},"end":{"line":370,"column":20}},"177":{"start":{"line":374,"column":17},"end":{"line":374,"column":30}},"178":{"start":{"line":375,"column":22},"end":{"line":375,"column":40}},"179":{"start":{"line":377,"column":22},"end":{"line":377,"column":57}},"180":{"start":{"line":379,"column":31},"end":{"line":387,"column":5}},"181":{"start":{"line":379,"column":55},"end":{"line":387,"column":4}},"182":{"start":{"line":389,"column":24},"end":{"line":396,"column":4}},"183":{"start":{"line":398,"column":26},"end":{"line":402,"column":4}},"184":{"start":{"line":404,"column":26},"end":{"line":408,"column":4}},"185":{"start":{"line":410,"column":27},"end":{"line":414,"column":4}},"186":{"start":{"line":416,"column":18},"end":{"line":418,"column":4}},"187":{"start":{"line":417,"column":52},"end":{"line":417,"column":118}},"188":{"start":{"line":420,"column":2},"end":{"line":438,"column":4}},"189":{"start":{"line":442,"column":14},"end":{"line":442,"column":46}},"190":{"start":{"line":443,"column":2},"end":{"line":443,"column":112}},"191":{"start":{"line":443,"column":12},"end":{"line":443,"column":112}},"192":{"start":{"line":445,"column":13},"end":{"line":445,"column":54}},"193":{"start":{"line":446,"column":2},"end":{"line":470,"column":3}},"194":{"start":{"line":447,"column":4},"end":{"line":447,"column":33}},"195":{"start":{"line":448,"column":15},"end":{"line":448,"column":78}},"196":{"start":{"line":449,"column":22},"end":{"line":449,"column":46}},"197":{"start":{"line":450,"column":4},"end":{"line":466,"column":6}},"198":{"start":{"line":467,"column":4},"end":{"line":467,"column":93}},"199":{"start":{"line":469,"column":4},"end":{"line":469,"column":33}},"200":{"start":{"line":473,"column":37},"end":{"line":473,"column":55}},"201":{"start":{"line":476,"column":18},"end":{"line":476,"column":51}},"202":{"start":{"line":477,"column":2},"end":{"line":477,"column":59}},"203":{"start":{"line":477,"column":16},"end":{"line":477,"column":59}},"204":{"start":{"line":478,"column":18},"end":{"line":478,"column":42}},"205":{"start":{"line":480,"column":17},"end":{"line":480,"column":72}},"206":{"start":{"line":481,"column":40},"end":{"line":481,"column":42}},"207":{"start":{"line":483,"column":2},"end":{"line":488,"column":3}},"208":{"start":{"line":484,"column":14},"end":{"line":484,"column":33}},"209":{"start":{"line":485,"column":4},"end":{"line":485,"column":21}},"210":{"start":{"line":485,"column":12},"end":{"line":485,"column":21}},"211":{"start":{"line":486,"column":4},"end":{"line":486,"column"
[...]
column":27}},{"start":{"line":109,"column":4},"end":{"line":109,"column":37}},{"start":{"line":110,"column":4},"end":{"line":110,"column":36}},{"start":{"line":111,"column":4},"end":{"line":111,"column":37}},{"start":{"line":112,"column":4},"end":{"line":112,"column":36}}]},"19":{"loc":{"start":{"line":115,"column":4},"end":{"line":120,"column":39}},"type":"binary-expr","locations":[{"start":{"line":115,"column":4},"end":{"line":115,"column":31}},{"start":{"line":116,"column":4},"end":{"line":116,"column":30}},{"start":{"line":117,"column":4},"end":{"line":117,"column":27}},{"start":{"line":118,"column":4},"end":{"line":118,"column":26}},{"start":{"line":119,"column":4},"end":{"line":119,"column":40}},{"start":{"line":120,"column":4},"end":{"line":120,"column":39}}]},"20":{"loc":{"start":{"line":123,"column":4},"end":{"line":127,"column":38}},"type":"binary-expr","locations":[{"start":{"line":123,"column":4},"end":{"line":123,"column":27}},{"start":{"line":124,"column":4},"end":{"line":124,"column":26}},{"start":{"line":125,"column":4},"end":{"line":125,"column":34}},{"start":{"line":126,"column":4},"end":{"line":126,"column":39}},{"start":{"line":127,"column":4},"end":{"line":127,"column":38}}]},"21":{"loc":{"start":{"line":130,"column":4},"end":{"line":137,"column":32}},"type":"binary-expr","locations":[{"start":{"line":130,"column":4},"end":{"line":130,"column":28}},{"start":{"line":131,"column":4},"end":{"line":131,"column":27}},{"start":{"line":132,"column":4},"end":{"line":132,"column":16}},{"start":{"line":133,"column":4},"end":{"line":133,"column":24}},{"start":{"line":134,"column":4},"end":{"line":134,"column":23}},{"start":{"line":135,"column":4},"end":{"line":135,"column":29}},{"start":{"line":136,"column":4},"end":{"line":136,"column":33}},{"start":{"line":137,"column":4},"end":{"line":137,"column":32}}]},"22":{"loc":{"start":{"line":140,"column":4},"end":{"line":145,"column":32}},"type":"binary-expr","locations":[{"start":{"line":140,"column":4},"end":{"line":140,"column":30}},{"start":{"line":141,"column":4},"end":{"line":141,"column":29}},{"start":{"line":142,"column":4},"end":{"line":142,"column":43}},{"start":{"line":143,"column":4},"end":{"line":143,"column":42}},{"start":{"line":144,"column":4},"end":{"line":144,"column":31}},{"start":{"line":145,"column":4},"end":{"line":145,"column":32}}]},"23":{"loc":{"start":{"line":148,"column":4},"end":{"line":154,"column":30}},"type":"binary-expr","locations":[{"start":{"line":148,"column":4},"end":{"line":148,"column":34}},{"start":{"line":149,"column":4},"end":{"line":149,"column":32}},{"start":{"line":150,"column":4},"end":{"line":150,"column":22}},{"start":{"line":151,"column":4},"end":{"line":151,"column":21}},{"start":{"line":152,"column":4},"end":{"line":152,"column":27}},{"start":{"line":153,"column":4},"end":{"line":153,"column":31}},{"start":{"line":154,"column":4},"end":{"line":154,"column":30}}]},"24":{"loc":{"start":{"line":167,"column":40},"end":{"line":167,"column":47}},"type":"default-arg","locations":[{"start":{"line":167,"column":46},"end":{"line":167,"column":47}}]},"25":{"loc":{"start":{"line":168,"column":2},"end":{"line":168,"column":20}},"type":"if","locations":[{"start":{"line":168,"column":2},"end":{"line":168,"column":20}},{"start":{},"end":{}}]},"26":{"loc":{"start":{"line":169,"column":2},"end":{"line":175,"column":3}},"type":"if","locations":[{"start":{"line":169,"column":2},"end":{"line":175,"column":3}},{"start":{},"end":{}}]},"27":{"loc":{"start":{"line":171,"column":19},"end":{"line":171,"column":64}},"type":"cond-expr","locations":[{"start":{"line":171,"column":43},"end":{"line":171,"column":44}},{"start":{"line":171,"column":47},"end":{"line":171,"column":64}}]},"28":{"loc":{"start":{"line":176,"column":2},"end":{"line":182,"column":3}},"type":"if","locations":[{"start":{"line":176,"column":2},"end":{"line":182,"column":3}},{"start":{},"end":{}}]},"29":{"loc":{"start":{"line":192,"column":17},"end":{"line":195,"column":10}},"type":"cond-expr","locations":[{"start":{"line":193,"column":6},"end":{"line":194,"column":79}},{"start":{"line":195,"column":6},"end":{"line":195,"column":10}}]},"30":{"loc":{"start":{"line":193,"column":6},"end":{"line":194,"column":79}},"type":"binary-expr","locations":[{"start":{"line":193,"column":6},"end":{"line":193,"column":88}},{"start":{"line":194,"column":6},"end":{"line":194,"column":79}}]},"31":{"loc":{"start":{"line":196,"column":15},"end":{"line":196,"column":116}},"type":"cond-expr","locations":[{"start":{"line":196,"column":20},"end":{"line":196,"column":109}},{"start":{"line":196,"column":112},"end":{"line":196,"column":116}}]},"32":{"loc":{"start":{"line":197,"column":18},"end":{"line":197,"column":107}},"type":"cond-expr","locations":[{"start":{"line":197,"column":23},"end":{"line":197,"column":100}},{"start":{"line":197,"column":103},"end":{"line":197,"column":107}}]},"33":{"loc":{"start":{"line":198,"column":15},"end":{"line":198,"column":116}},"type":"cond-expr","locations":[{"start":{"line":198,"column":20},"end":{"line":198,"column":109}},{"start":{"line":198,"column":112},"end":{"line":198,"column":116}}]},"34":{"loc":{"start":{"line":200,"column":21},"end":{"line":200,"column":94}},"type":"binary-expr","locations":[{"start":{"line":200,"column":21},"end":{"line":200,"column":48}},{"start":{"line":200,"column":53},"end":{"line":200,"column":93}}]},"35":{"loc":{"start":{"line":200,"column":53},"end":{"line":200,"column":93}},"type":"cond-expr","locations":[{"start":{"line":200,"column":62},"end":{"line":200,"column":86}},{"start":{"line":200,"column":89},"end":{"line":200,"column":93}}]},"36":{"loc":{"start":{"line":201,"column":19},"end":{"line":201,"column":86}},"type":"binary-expr","locations":[{"start":{"line":201,"column":19},"end":{"line":201,"column":44}},{"start":{"line":201,"column":49},"end":{"line":201,"column":85}}]},"37":{"loc":{"start":{"line":201,"column":49},"end":{"line":201,"column":85}},"type":"cond-expr","locations":[{"start":{"line":201,"column":56},"end":{"line":201,"column":78}},{"start":{"line":201,"column":81},"end":{"line":201,"column":85}}]},"38":{"loc":{"start":{"line":202,"column":18},"end":{"line":202,"column":94}},"type":"binary-expr","locations":[{"start":{"line":202,"column":18},"end":{"line":202,"column":46}},{"start":{"line":202,"column":51},"end":{"line":202,"column":93}}]},"39":{"loc":{"start":{"line":202,"column":51},"end":{"line":202,"column":93}},"type":"cond-expr","locations":[{"start":{"line":202,"column":61},"end":{"line":202,"column":86}},{"start":{"line":202,"column":89},"end":{"line":202,"column":93}}]},"40":{"loc":{"start":{"line":203,"column":19},"end":{"line":203,"column":117}},"type":"binary-expr","locations":[{"start":{"line":203,"column":20},"end":{"line":203,"column":56}},{"start":{"line":203,"column":61},"end":{"line":203,"column":117}}]},"41":{"loc":{"start":{"line":203,"column":20},"end":{"line":203,"column":56}},"type":"cond-expr","locations":[{"start":{"line":203,"column":27},"end":{"line":203,"column":49}},{"start":{"line":203,"column":52},"end":{"line":203,"column":56}}]},"42":{"loc":{"start":{"line":206,"column":4},"end":{"line":212,"column":41}},"type":"cond-expr","locations":[{"start":{"line":207,"column":8},"end":{"line":207,"column":49}},{"start":{"line":208,"column":8},"end":{"line":212,"column":41}}]},"43":{"loc":{"start":{"line":208,"column":8},"end":{"line":212,"column":41}},"type":"cond-expr","locations":[{"start":{"line":209,"column":10},"end":{"line":209,"column":37}},{"start":{"line":210,"column":10},"end":{"line":212,"column":41}}]},"44":{"loc":{"start":{"line":210,"column":10},"end":{"line":212,"column":41}},"type":"cond-expr","locations":[{"start":{"line":211,"column":12},"end":{"line":211,"column":39}},{"start":{"line":212,"column":12},"end":{"line":212,"column":41}}]},"45":{"loc":{"start":{"line":221,"column":26},"end":{"line":221,"column":73}},"type":"binary-expr","locations":[{"start":{"line":221,"column":26},"end":{"line":221,"column":57}},{"start":{"line":221,"column":61},"end":{"line":221,"column":73}}]},"46":{"loc":{"start":{"line":228,"column":2},"end":{"line":228,"column":279}},"type":"cond-expr","locations":[{"start":{"line":228,"column":16},"end":{"line":228,"column":73}},{"start":{"line":228,"column":76},"end":{"line":228,"column":279}}]},"47":{"loc":{"start":{"line":228,"column":76},"end":{"line":228,"column":279}},"type":"cond-expr","locations":[{"start":{"line":228,"column":89},"end":{"line":228,"column":138}},{"start":{"line":228,"column":141},"end":{"line":228,"column":279}}]},"48":{"loc":{"start":{"line":229,"column":2},"end":{"line":229,"column":244}},"type":"cond-expr","locations":[{"start":{"line":229,"column":20},"end":{"line":229,"column":126}},{"start":{"line":229,"column":129},"end":{"line":229,"column":244}}]},"49":{"loc":{"start":{"line":230,"column":2},"end":{"line":230,"column":201}},"type":"cond-expr","locations":[{"start":{"line":230,"column":15},"end":{"line":230,"column":66}},{"start":{"line":230,"column":69},"end":{"line":230,"column":201}}]},"50":{"loc":{"start":{"line":233,"column":2},"end":{"line":233,"column":181}},"type":"cond-expr","locations":[{"start":{"line":233,"column":19},"end":{"line":233,"column":96}},{"start":{"line":233,"column":99},"end":{"line":233,"column":181}}]},"51":{"loc":{"start":{"line":234,"column":2},"end":{"line":234,"column":397}},"type":"cond-expr","locations":[{"start":{"line":234,"column":33},"end":{"line":234,"column":138}},{"start":{"line":234,"column":141},"end":{"line":234,"column":397}}]},"52":{"loc":{"start":{"line":234,"column":141},"end":{"line":234,"column":397}},"type":"cond-expr","locations":[{"start":{"line":234,"column":152},"end":{"line":234,"column":208}},{"start":{"line":234,"column":211},"end":{"line":234,"column":397}}]},"53":{"loc":{"start":{"line":238,"column":2},"end":{"line":238,"column":309}},"type":"cond-expr","locations":[{"start":{"line":238,"column":22},"end":{"line":238,"column":125}},{"start":{"line":238,"column":128},"end":{"line":238,"column":309}}]},"54":{"loc":{"start":{"line":238,"column":128},"end":{"line":238,"column":309}},"type":"cond-expr","locations":[{"start":{"line":238,"column":138},"end":{"line":238,"column":192}},{"start":{"line":238,"column":195},"end":{"line":238,"column":309}}]},"55":{"loc":{"start":{"line":242,"column":2},"end":{"line":242,"column":337}},"type":"cond-expr","locations":[{"start":{"line":242,"column":27},"end":{"line":242,"column":139}},{"start":{"line":242,"column":142},"end":{"line":242,"column":337}}]},"56":{"loc":{"start":{"line":242,"column":142},"end":{"line":242,"column":337}},"type":"cond-expr","locations":[{"start":{"line":242,"column":153},"end":{"line":242,"column":182}},{"start":{"line":242,"column":185},"end":{"line":242,"column":337}}]},"57":{"loc":{"start":{"line":255,"column":22},"end":{"line":255,"column":43}},"type":"binary-expr","locations":[{"start":{"line":255,"column":22},"end":{"line":255,"column":33}},{"start":{"line":255,"column":37},"end":{"line":255,"column":43}}]},"58":{"loc":{"start":{"line":256,"column":32},"end":{"line":256,"column":68}},"type":"binary-expr","locations":[{"start":{"line":256,"column":32},"end":{"line":256,"column":60}},{"start":{"line":256,"column":64},"end":{"line":256,"column":68}}]},"59":{"loc":{"start":{"line":257,"column":35},"end":{"line":257,"column":63}},"type":"binary-expr","locations":[{"start":{"line":257,"column":35},"end":{"line":257,"column":52}},{"start":{"line":257,"column":56},"end":{"line":257,"column":63}}]},"60":{"loc":{"start":{"line":258,"column":25},"end":{"line":258,"column":55}},"type":"binary-expr","locations":[{"start":{"line":258,"column":25},"end":{"line":258,"column":47}},{"start":{"line":258,"column":51},"end":{"line":258,"column":55}}]},"61":{"loc":{"start":{"line":321,"column":2},"end":{"line":323,"column":3}},"type":"if","locations":[{"start":{"line":321,"column":2},"end":{"line":323,"column":3}},{"start":{},"end":{}}]},"62":{"loc":{"start":{"line":327,"column":4},"end":{"line":331,"column":25}},"type":"cond-expr","locations":[{"start":{"line":328,"column":8},"end":{"line":328,"column":30}},{"start":{"line":329,"column":8},"end":{"line":331,"column":25}}]},"63":{"loc":{"start":{"line":329,"column":8},"end":{"line":331,"column":25}},"type":"cond-expr","locations":[{"start":{"line":330,"column":10},"end":{"line":330,"column":32}},{"start":{"line":331,"column":10},"end":{"line":331,"column":25}}]},"64":{"loc":{"start":{"line":355,"column":6},"end":{"line":358,"column":7}},"type":"if","locations":[{"start":{"line":355,"column":6},"end":{"line":358,"column":7}},{"start":{},"end":{}}]},"65":{"loc":{"start":{"line":364,"column":6},"end":{"line":366,"column":7}},"type":"if","locations":[{"start":{"line":364,"column":6},"end":{"line":366,"column":7}},{"start":{},"end":{}}]},"66":{"loc":{"start":{"line":370,"column":2},"end":{"line":372,"column":3}},"type":"if","locations":[{"start":{"line":370,"column":2},"end":{"line":372,"column":3}},{"start":{},"end":{}}]},"67":{"loc":{"start":{"line":371,"column":10},"end":{"line":371,"column":95}},"type":"cond-expr","locations":[{"start":{"line":371,"column":37},"end":{"line":371,"column":44}},{"start":{"line":371,"column":47},"end":{"line":371,"column":95}}]},"68":{"loc":{"start":{"line":376,"column":19},"end":{"line":376,"column":83}},"type":"cond-expr","locations":[{"start":{"line":376,"column":38},"end":{"line":376,"column":64}},{"start":{"line":376,"column":67},"end":{"line":376,"column":83}}]},"69":{"loc":{"start":{"line":377,"column":19},"end":{"line":377,"column":89}},"type":"cond-expr","locations":[{"start":{"line":377,"column":38},"end":{"line":377,"column":64}},{"start":{"line":377,"column":67},"end":{"line":377,"column":89}}]},"70":{"loc":{"start":{"line":397,"column":19},"end":{"line":397,"column":95}},"type":"binary-expr","locations":[{"start":{"line":397,"column":19},"end":{"line":397,"column":51}},{"start":{"line":397,"column":55},"end":{"line":397,"column":95}}]},"71":{"loc":{"start":{"line":407,"column":10},"end":{"line":407,"column":29}},"type":"binary-expr","locations":[{"start":{"line":407,"column":10},"end":{"line":407,"column":21}},{"start":{"line":407,"column":25},"end":{"line":407,"column":29}}]},"72":{"loc":{"start":{"line":408,"column":14},"end":{"line":408,"column":37}},"type":"binary-expr","locations":[{"start":{"line":408,"column":14},"end":{"line":408,"column":29}},{"start":{"line":408,"column":33},"end":{"line":408,"column":37}}]},"73":{"loc":{"start":{"line":411,"column":24},"end":{"line":411,"column":57}},"type":"binary-expr","locations":[{"start":{"line":411,"column":24},"end":{"line":411,"column":49}},{"start":{"line":411,"column":53},"end":{"line":411,"column":57}}]},"74":{"loc":{"start":{"line":419,"column":8},"end":{"line":419,"column":36}},"type":"cond-expr","locations":[{"start":{"line":419,"column":19},"end":{"line":419,"column":31}},{"start":{"line":419,"column":34},"end":{"line":419,"column":36}}]},"75":{"loc":{"start":{"line":427,"column":2},"end":{"line":428,"column":32}},"type":"if","locations":[{"start":{"line":427,"column":2},"end":{"line":428,"column":32}},{"start":{"line":428,"column":7},"end":{"line":428,"column":32}}]},"76":{"loc":{"start":{"line":438,"column":21},"end":{"line":438,"column":51}},"type":"binary-expr","locations":[{"start":{"line":438,"column":21},"end":{"line":438,"column":43}},{"start":{"line":438,"column":47},"end":{"line":438,"column":51}}]},"77":{"loc":{"start":{"line":439,"column":10},"end":{"line":439,"column":29}},"type":"binary-expr","locations":[{"start":{"line":439,"column":10},"end":{"line":439,"column":21}},{"start":{"line":439,"column":25},"end":{"line":439,"column":29}}]},"78":{"loc":{"start":{"line":440,"column":14},"end":{"line":440,"column":37}},"type":"binary-expr","locations":[{"start":{"line":440,"column":14},"end":{"line":440,"column":29}},{"start":{"line":440,"column":33},"end":{"line":440,"column":37}}]},"79":{"loc":{"start":{"line":441,"column":15},"end":{"line":441,"column":39}},"type":"binary-expr","locations":[{"start":{"line":441,"column":15},"end":{"line":441,"column":31}},{"start":{"line":441,"column":35},"end":{"line":441,"column":39}}]},"80":{"loc":{"start":{"line":492,"column":38},"end":{"line":492,"column":54}},"type":"binary-expr","locations":[{"start":{"line":492,"column":38},"end":{"line":492,"column":48}},{"start":{"line":492,"column":52},"end":{"line":492,"column":54}}]},"81":{"loc":{"start":{"line":494,"column":4},"end":{"line":498,"column":5}},"type":"if","locations":[{"start":{"line":494,"column":4},"end":{"line":498,"column":5}},{"start":{},"end":{}}]},"82":{"loc":{"start":{"line":500,"column":4},"end":{"line":504,"column":5}},"type":"if","locations":[{"start":{"line":500,"column":4},"end":{"line":504,"column":5}},{"start":{},"end":{}}]},"83":{"loc":{"start":{"line":506,"column":4},"end":{"line":510,"column":5}},"type":"if","locations":[{"start":{"line":506,"column":4},"end":{"line":510,"column":5}},{"start":{},"end":{}}]},"84":{"loc":{"start":{"line":512,"column":4},"end":{"line":516,"column":5}},"type":"if","locations":[{"start":{"line":512,"column":4},"end":{"line":516,"column":5}},{"start":{},"end":{}}]},"85":{"loc":{"start":{"line":525,"column":2},"end":{"line":527,"column":3}},"type":"if","locations":[{"start":{"line":525,"column":2},"end":{"line":527,"column":3}},{"start":{},"end":{}}]}},"s":{"0":1,"1":1,"2":1,"3":1,"4":1,"5":1,"6":1,"7":1,"8":1,"9":1,"10":1,"11":1,"12":1,"13":2,"14":0,"15":0,"16":1,"17":1,"18":0,"19":0,"20":0,"21":0,"22":0,"23":0,"24":0,"25":0,"26":0,"27":0,"28":0,"29":0,"30":0,"31":0,"32":0,"33":0,"34":0,"35":0,"36":0,"37":0,"38":0,"39":0,"40":0,"41":0,"42":0,"43":0,"44":0,"45":0,"46":0,"47":0,"48":0,"49":0,"50":0,"51":0,"52":0,"53":0,"54":0,"55":0,"56":0,"57":0,"58":0,"59":0,"60":0,"61":0,"62":0,"63":0,"64":0,"65":0,"66":0,"67":0,"68":0,"69":0,"70":0,"71":0,"72":0,"73":0,"74":0,"75":0,"76":0,"77":0,"78":0,"79":0,"80":0,"81":0,"82":0,"83":0,"84":0,"85":0,"86":0,"87":0,"88":0,"89":0,"90":0,"91":0,"92":0,"93":0,"94":0,"95":0,"96":0,"97":1,"98":1,"99":1,"100":2,"101":2,"102":2,"103":0,"104":0,"105":0,"106":0,"107":0,"108":0,"109":0,"110":1,"111":1,"112":0,"113":1,"114":1,"115":1,"116":1,"117":1,"118":1,"119":1,"120":1,"121":0,"122":0,"123":1,"124":1,"125":0,"126":0,"127":0,"128":1,"129":0,"130":1,"131":1,"132":1,"133":1,"134":1,"135":1,"136":1,"137":1,"138":1,"139":1,"140":0,"141":0,"142":0,"143":0,"144":0,"145":0,"146":0,"147":0,"148":0,"149":0,"150":0,"151":0,"152":0,"153":0,"154":0,"155":0,"156":0,"157":0,"158":0,"159":0,"160":1,"161":1,"162":1,"163":0,"164":1,"165":0,"166":0,"167":0,"168":0,"169":0,"170":0,"171":0,"172":0,"173":0,"174":0,"175":0,"176":0,"177":0,"178":0,"179":0,"180":0,"181":0,"182":0,"183":1,"184":1,"185":1,"186":1,"187":0,"188":0},"f":{"0":1,"1":2,"2":0,"3":0,"4":0,"5":0,"6":0,"7":0,"8":0,"9":0,"10":0,"11":0,"12":0,"13":0,"14":0,"15":0,"16":2,"17":0,"18":0,"19":0,"20":0,"21":1,"22":0,"23":0,"24":0,"25":1,"26":0,"27":0,"28":0},"b":{"0":[1,0],"1":[0,0],"2":[0,0],"3":[0,0],"4":[0,0],"5":[0,0],"6":[0,0],"7":[0,0],"8":[0,0],"9":[0,0],"10":[0,0],"11":[0,0],"12":[0,0],"13":[0,0],"14":[0,0],"15":[0,0],"16":[0,0],"17":[0,0,0,0,0],"18":[0,0,0,0,0,0],"19":[0,0,0,0,0,0],"20":[0,0,0,0,0],"21":[0,0,0,0,0,0,0,0],"22":[0,0,0,0,0,0],"23":[0,0,0,0,0,0,0],"24":[0],"25":[0,0],"26":[0,0],"27":[0,0],"28":[0,0],"29":[0,0],"30":[0,0],"31":[0,0],"32":[0,0],"33":[0,0],"34":[0,0],"35":[0,0],"36":[0,0],"37":[0,0],"38":[0,0],"39":[0,0],"40":[0,0],"41":[0,0],"42":[0,0],"43":[0,0],"44":[0,0],"45":[0,0],"46":[0,0],"47":[0,0],"48":[0,0],"49":[0,0],"50":[0,0],"51":[0,0],"52":[0,0],"53":[0,0],"54":[0,0],"55":[0,0],"56":[0,0],"57":[0,0],"58":[0,0],"59":[0,0],"60":[0,0],"61":[0,1],"62":[0,1],"63":[1,0],"64":[0,1],"65":[0,0],"66":[0,1],"67":[0,0],"68":[1,0],"69":[1,0],"70":[0,0],"71":[0,0],"72":[0,0],"73":[0,0],"74":[0,0],"75":[0,0],"76":[0,0],"77":[0,0],"78":[0,0],"79":[0,0],"80":[0,0],"81":[0,0],"82":[0,0],"83":[0,0],"84":[0,0],"85":[1,0]}}
}
