TN:
SF:lib\blueprint\validation.ts
FN:19,validateBlueprintSubmission
FNF:1
FNH:1
FNDA:5,validateBlueprintSubmission
DA:1,2
DA:3,2
DA:19,2
DA:20,5
DA:21,5
DA:22,3
DA:24,2
DA:27,2
DA:28,0
DA:34,2
LF:10
LH:9
BRDA:21,0,0,3
BRDA:21,0,1,2
BRDA:27,1,0,0
BRDA:27,1,1,2
BRDA:27,2,0,2
BRDA:27,2,1,2
BRDA:27,3,0,2
BRDA:27,3,1,0
BRF:8
BRH:6
end_of_record
TN:
SF:lib\scheduler-engine\cron.ts
FN:1,parseField
FN:9,matches
FN:21,nextRunUtcFromCron
FNF:3
FNH:3
FNDA:6,parseField
FNDA:5,matches
FNDA:2,nextRunUtcFromCron
DA:2,6
DA:3,6
DA:4,3
DA:5,3
DA:6,2
DA:10,5
DA:11,2
DA:21,1
DA:22,2
DA:23,2
DA:25,2
DA:26,2
DA:27,1
DA:28,1
DA:29,1
DA:30,1
DA:32,1
DA:33,1
DA:35,1
DA:36,1
DA:37,1
DA:38,1
DA:39,1
DA:40,1
DA:41,1
DA:42,1
DA:43,1
DA:45,1
DA:52,1
DA:54,0
DA:56,0
LF:31
LH:29
BRDA:3,0,0,3
BRDA:3,0,1,3
BRDA:5,1,0,1
BRDA:5,1,1,2
BRDA:5,2,0,3
BRDA:5,2,1,2
BRDA:5,2,2,2
BRDA:10,3,0,3
BRDA:10,3,1,2
BRDA:21,4,0,0
BRDA:23,5,0,0
BRDA:23,5,1,2
BRDA:43,6,0,0
BRDA:43,6,1,1
BRDA:45,7,0,1
BRDA:45,7,1,0
BRDA:46,8,0,1
BRDA:46,8,1,1
BRDA:46,8,2,1
BRDA:46,8,3,1
BRDA:46,8,4,1
BRDA:46,8,5,0
BRF:22
BRH:17
end_of_record
TN:
SF:mcp\delivery-coordinator\server.ts
FN:14,requiredEnv
FN:20,optionalEnv
FN:25,ensureDataDir
FN:29,readJsonFile
FN:38,writeJsonFile
FN:71,upsertDelivery
FN:75,(anonymous_7)
FN:82,getDelivery
FN:86,(anonymous_9)
FN:89,stripHtml
FN:93,htmlEscape
FN:102,computeSummaryFromReportJson
FN:130,getHealthScore
FN:142,getRevenueTeaser
FN:161,healthColor
FN:169,renderEmailHtml
FN:349,sleep
FN:350,(anonymous_18)
FN:353,updateReportsTable
FN:381,notifyInternalWebhook
FN:389,(anonymous_21)
FN:394,callResendApi
FN:420,callTwilioWhatsAppApi
FN:447,main
FN:455,(anonymous_25)
FN:494,(anonymous_26)
FN:790,(anonymous_27)
FNF:27
FNH:6
FNDA:5,requiredEnv
FNDA:0,optionalEnv
FNDA:1,ensureDataDir
FNDA:0,readJsonFile
FNDA:0,writeJsonFile
FNDA:0,upsertDelivery
FNDA:0,(anonymous_7)
FNDA:0,getDelivery
FNDA:0,(anonymous_9)
FNDA:1,stripHtml
FNDA:0,htmlEscape
FNDA:0,computeSummaryFromReportJson
FNDA:0,getHealthScore
FNDA:0,getRevenueTeaser
FNDA:0,healthColor
FNDA:0,renderEmailHtml
FNDA:0,sleep
FNDA:0,(anonymous_18)
FNDA:0,updateReportsTable
FNDA:0,notifyInternalWebhook
FNDA:0,(anonymous_21)
FNDA:1,callResendApi
FNDA:1,callTwilioWhatsAppApi
FNDA:1,main
FNDA:0,(anonymous_25)
FNDA:0,(anonymous_26)
FNDA:0,(anonymous_27)
DA:2,1
DA:3,1
DA:4,1
DA:5,1
DA:6,1
DA:7,1
DA:8,1
DA:9,1
DA:10,1
DA:12,1
DA:15,5
DA:16,5
DA:17,5
DA:21,0
DA:22,0
DA:26,1
DA:30,0
DA:31,0
DA:32,0
DA:34,0
DA:39,0
DA:72,0
DA:73,0
DA:74,0
DA:75,0
DA:76,0
DA:77,0
DA:78,0
DA:79,0
DA:83,0
DA:84,0
DA:85,0
DA:86,0
DA:90,1
DA:94,0
DA:103,0
DA:104,0
DA:107,0
DA:108,0
DA:110,0
DA:111,0
DA:113,0
DA:114,0
DA:116,0
DA:117,0
DA:119,0
DA:120,0
DA:123,0
DA:124,0
DA:125,0
DA:127,0
DA:131,0
DA:132,0
DA:134,0
DA:139,0
DA:143,0
DA:144,0
DA:146,0
DA:150,0
DA:151,0
DA:154,0
DA:158,0
DA:162,0
DA:163,0
DA:164,0
DA:165,0
DA:166,0
DA:179,0
DA:180,0
DA:181,0
DA:182,0
DA:183,0
DA:184,0
DA:185,0
DA:186,0
DA:189,0
DA:271,1
DA:282,1
DA:291,1
DA:297,1
DA:330,1
DA:337,1
DA:350,0
DA:358,0
DA:359,0
DA:361,0
DA:362,0
DA:363,0
DA:366,0
DA:367,0
DA:369,0
DA:370,0
DA:371,0
DA:375,0
DA:377,0
DA:382,0
DA:383,0
DA:384,0
DA:389,0
DA:390,0
DA:391,0
DA:394,1
DA:395,1
DA:396,1
DA:398,1
DA:414,1
DA:415,1
DA:416,1
DA:417,1
DA:420,1
DA:421,1
DA:422,1
DA:423,1
DA:424,1
DA:426,1
DA:427,1
DA:428,1
DA:429,1
DA:431,1
DA:432,1
DA:441,1
DA:442,1
DA:443,1
DA:444,1
DA:448,1
DA:450,1
DA:455,1
DA:456,0
DA:494,1
DA:495,0
DA:497,0
DA:498,0
DA:500,0
DA:504,0
DA:506,0
DA:507,0
DA:511,0
DA:512,0
DA:513,0
DA:524,0
DA:535,0
DA:550,0
DA:553,0
DA:554,0
DA:556,0
DA:559,0
DA:560,0
DA:564,0
DA:565,0
DA:566,0
DA:567,0
DA:578,0
DA:580,0
DA:596,0
DA:597,0
DA:598,0
DA:599,0
DA:600,0
DA:601,0
DA:602,0
DA:603,0
DA:609,0
DA:610,0
DA:611,0
DA:613,0
DA:614,0
DA:618,0
DA:628,0
DA:629,0
DA:630,0
DA:631,0
DA:632,0
DA:633,0
DA:634,0
DA:638,0
DA:639,0
DA:641,0
DA:644,0
DA:655,0
DA:662,0
DA:663,0
DA:664,0
DA:665,0
DA:673,0
DA:674,0
DA:675,0
DA:688,0
DA:691,0
DA:714,0
DA:715,0
DA:716,0
DA:717,0
DA:720,0
DA:721,0
DA:722,0
DA:723,0
DA:726,0
DA:727,0
DA:728,0
DA:730,0
DA:745,0
DA:746,0
DA:749,0
DA:750,0
DA:751,0
DA:752,0
DA:753,0
DA:754,0
DA:760,0
DA:765,0
DA:779,0
DA:782,1
DA:783,1
DA:785,1
DA:790,1
DA:791,0
DA:792,0
LF:217
LH:52
BRDA:15,0,0,5
BRDA:15,0,1,0
BRDA:16,1,0,0
BRDA:16,1,1,5
BRDA:21,2,0,0
BRDA:21,2,1,0
BRDA:22,3,0,0
BRDA:22,3,1,0
BRDA:76,4,0,0
BRDA:76,4,1,0
BRDA:79,5,0,0
BRDA:79,5,1,0
BRDA:86,6,0,0
BRDA:86,6,1,0
BRDA:103,7,0,0
BRDA:103,7,1,0
BRDA:103,8,0,0
BRDA:103,8,1,0
BRDA:110,9,0,0
BRDA:110,9,1,0
BRDA:110,9,2,0
BRDA:111,10,0,0
BRDA:111,10,1,0
BRDA:113,11,0,0
BRDA:113,11,1,0
BRDA:113,11,2,0
BRDA:114,12,0,0
BRDA:114,12,1,0
BRDA:114,13,0,0
BRDA:114,13,1,0
BRDA:114,14,0,0
BRDA:114,14,1,0
BRDA:114,14,2,0
BRDA:116,15,0,0
BRDA:116,15,1,0
BRDA:117,16,0,0
BRDA:117,16,1,0
BRDA:119,17,0,0
BRDA:119,17,1,0
BRDA:123,18,0,0
BRDA:123,18,1,0
BRDA:124,19,0,0
BRDA:124,19,1,0
BRDA:125,20,0,0
BRDA:125,20,1,0
BRDA:131,21,0,0
BRDA:131,21,1,0
BRDA:131,22,0,0
BRDA:131,22,1,0
BRDA:134,23,0,0
BRDA:134,23,1,0
BRDA:134,23,2,0
BRDA:134,23,3,0
BRDA:134,23,4,0
BRDA:139,24,0,0
BRDA:139,24,1,0
BRDA:139,25,0,0
BRDA:139,25,1,0
BRDA:143,26,0,0
BRDA:143,26,1,0
BRDA:143,27,0,0
BRDA:143,27,1,0
BRDA:146,28,0,0
BRDA:146,28,1,0
BRDA:146,28,2,0
BRDA:146,28,3,0
BRDA:150,29,0,0
BRDA:150,29,1,0
BRDA:150,30,0,0
BRDA:150,30,1,0
BRDA:150,30,2,0
BRDA:154,31,0,0
BRDA:154,31,1,0
BRDA:154,31,2,0
BRDA:154,31,3,0
BRDA:158,32,0,0
BRDA:158,32,1,0
BRDA:158,33,0,0
BRDA:158,33,1,0
BRDA:162,34,0,0
BRDA:162,34,1,0
BRDA:164,35,0,0
BRDA:164,35,1,0
BRDA:165,36,0,0
BRDA:165,36,1,0
BRDA:181,37,0,0
BRDA:181,37,1,0
BRDA:182,38,0,0
BRDA:182,38,1,0
BRDA:186,39,0,0
BRDA:186,39,1,0
BRDA:219,40,0,0
BRDA:219,40,1,0
BRDA:358,41,0,0
BRDA:358,41,1,0
BRDA:358,41,2,0
BRDA:358,41,3,0
BRDA:359,42,0,0
BRDA:359,42,1,0
BRDA:361,43,0,0
BRDA:361,43,1,0
BRDA:362,44,0,0
BRDA:362,44,1,0
BRDA:367,45,0,0
BRDA:367,45,1,0
BRDA:382,46,0,0
BRDA:382,46,1,0
BRDA:383,47,0,0
BRDA:383,47,1,0
BRDA:390,48,0,0
BRDA:390,48,1,0
BRDA:396,49,0,1
BRDA:396,49,1,1
BRDA:409,50,0,1
BRDA:409,50,1,1
BRDA:415,51,0,0
BRDA:415,51,1,1
BRDA:417,52,0,1
BRDA:417,52,1,0
BRDA:423,53,0,1
BRDA:423,53,1,1
BRDA:424,54,0,0
BRDA:424,54,1,1
BRDA:442,55,0,0
BRDA:442,55,1,1
BRDA:444,56,0,1
BRDA:444,56,1,0
BRDA:444,57,0,1
BRDA:444,57,1,0
BRDA:495,58,0,0
BRDA:495,58,1,0
BRDA:497,59,0,0
BRDA:497,59,1,0
BRDA:500,60,0,0
BRDA:500,60,1,0
BRDA:504,61,0,0
BRDA:504,61,1,0
BRDA:507,62,0,0
BRDA:507,62,1,0
BRDA:539,63,0,0
BRDA:539,63,1,0
BRDA:553,64,0,0
BRDA:553,64,1,0
BRDA:556,65,0,0
BRDA:556,65,1,0
BRDA:560,66,0,0
BRDA:560,66,1,0
BRDA:600,67,0,0
BRDA:600,67,1,0
BRDA:609,68,0,0
BRDA:609,68,1,0
BRDA:613,69,0,0
BRDA:613,69,1,0
BRDA:614,70,0,0
BRDA:614,70,1,0
BRDA:622,71,0,0
BRDA:622,71,1,0
BRDA:623,72,0,0
BRDA:623,72,1,0
BRDA:632,73,0,0
BRDA:632,73,1,0
BRDA:638,74,0,0
BRDA:638,74,1,0
BRDA:641,75,0,0
BRDA:641,75,1,0
BRDA:646,76,0,0
BRDA:646,76,1,0
BRDA:650,77,0,0
BRDA:650,77,1,0
BRDA:651,78,0,0
BRDA:651,78,1,0
BRDA:662,79,0,0
BRDA:662,79,1,0
BRDA:664,80,0,0
BRDA:664,80,1,0
BRDA:678,81,0,0
BRDA:678,81,1,0
BRDA:688,82,0,0
BRDA:688,82,1,0
BRDA:714,83,0,0
BRDA:714,83,1,0
BRDA:720,84,0,0
BRDA:720,84,1,0
BRDA:726,85,0,0
BRDA:726,85,1,0
BRDA:732,86,0,0
BRDA:732,86,1,0
BRDA:734,87,0,0
BRDA:734,87,1,0
BRDA:734,87,2,0
BRDA:735,88,0,0
BRDA:735,88,1,0
BRDA:735,88,2,0
BRDA:736,89,0,0
BRDA:736,89,1,0
BRDA:736,89,2,0
BRDA:737,90,0,0
BRDA:737,90,1,0
BRDA:737,90,2,0
BRDA:738,91,0,0
BRDA:738,91,1,0
BRDA:738,91,2,0
BRDA:739,92,0,0
BRDA:739,92,1,0
BRDA:739,92,2,0
BRDA:740,93,0,0
BRDA:740,93,1,0
BRDA:740,93,2,0
BRDA:741,94,0,0
BRDA:741,94,1,0
BRDA:741,94,2,0
BRDA:742,95,0,0
BRDA:742,95,1,0
BRDA:749,96,0,0
BRDA:749,96,1,0
BRDA:752,97,0,0
BRDA:752,97,1,0
BRDA:753,98,0,0
BRDA:753,98,1,0
BRDA:756,99,0,0
BRDA:756,99,1,0
BRDA:757,100,0,0
BRDA:757,100,1,0
BRDA:785,101,0,1
BRDA:785,101,1,0
BRF:225
BRH:15
end_of_record
TN:
SF:mcp\report-builder\scoring.ts
FN:3,clamp01
FN:7,toNumber
FN:16,scoreFromThresholds
FN:19,(anonymous_3)
FN:32,generateHealthScore
FNF:5
FNH:5
FNDA:14,clamp01
FNDA:20,toNumber
FNDA:14,scoreFromThresholds
FNDA:84,(anonymous_3)
FNDA:4,generateHealthScore
DA:4,14
DA:8,20
DA:9,7
DA:10,0
DA:11,0
DA:13,7
DA:19,84
DA:20,14
DA:21,10
DA:22,39
DA:23,39
DA:24,39
DA:25,10
DA:26,10
DA:29,0
DA:32,2
DA:33,4
DA:36,4
DA:37,4
DA:48,4
DA:51,4
DA:52,4
DA:53,4
DA:54,4
DA:67,4
DA:70,4
DA:71,4
DA:72,4
DA:82,4
DA:93,4
DA:96,4
DA:99,4
DA:101,4
LF:33
LH:30
BRDA:8,0,0,13
BRDA:8,0,1,7
BRDA:8,1,0,20
BRDA:8,1,1,13
BRDA:9,2,0,0
BRDA:9,2,1,7
BRDA:11,3,0,0
BRDA:11,3,1,0
BRDA:20,4,0,4
BRDA:20,4,1,10
BRDA:24,5,0,10
BRDA:24,5,1,29
BRDA:36,6,0,4
BRDA:36,6,1,1
BRDA:48,7,0,2
BRDA:48,7,1,2
BRDA:53,8,0,4
BRDA:53,8,1,1
BRDA:55,9,0,1
BRDA:55,9,1,3
BRDA:67,10,0,1
BRDA:67,10,1,3
BRDA:70,11,0,4
BRDA:70,11,1,1
BRDA:82,12,0,1
BRDA:82,12,1,3
BRDA:94,13,0,4
BRDA:94,13,1,1
BRDA:96,14,0,2
BRDA:96,14,1,2
BRF:30
BRH:27
end_of_record
TN:
SF:mcp\research-orchestrator\server.ts
FN:10,asObject
FN:14,env
FN:18,sleep
FN:19,(anonymous_4)
FN:22,safeNum
FN:26,toPercent01
FN:34,extractDomain
FN:46,dbUrlFromEnvOrArg
FN:53,ensureReportsTable
FN:82,callSimilarwebApi
FN:113,(anonymous_11)
FN:117,(anonymous_12)
FN:129,callSemrushApi
FN:166,(anonymous_14)
FN:170,(anonymous_15)
FN:182,domainAgeYearsFromRegistrationDate
FN:191,callWhoisApi
FN:222,callPagespeedApi
FN:227,(anonymous_19)
FN:235,run
FN:280,researchDomain
FN:337,keywordGap
FN:338,(anonymous_23)
FN:353,(anonymous_24)
FN:356,compareClientToCompetitor
FN:373,structureResearchOutput
FN:379,(anonymous_27)
FN:417,(anonymous_28)
FN:441,storeResearchJson
FN:475,aggregateCompetitorData
FN:505,(anonymous_31)
FN:569,(anonymous_32)
FN:630,main
FN:635,(anonymous_34)
FNF:34
FNH:29
FNDA:0,asObject
FNDA:14,env
FNDA:7,sleep
FNDA:7,(anonymous_4)
FNDA:36,safeNum
FNDA:2,toPercent01
FNDA:12,extractDomain
FNDA:1,dbUrlFromEnvOrArg
FNDA:1,ensureReportsTable
FNDA:2,callSimilarwebApi
FNDA:2,(anonymous_11)
FNDA:2,(anonymous_12)
FNDA:2,callSemrushApi
FNDA:2,(anonymous_14)
FNDA:2,(anonymous_15)
FNDA:2,domainAgeYearsFromRegistrationDate
FNDA:2,callWhoisApi
FNDA:2,callPagespeedApi
FNDA:4,(anonymous_19)
FNDA:4,run
FNDA:2,researchDomain
FNDA:3,keywordGap
FNDA:1,(anonymous_23)
FNDA:0,(anonymous_24)
FNDA:3,compareClientToCompetitor
FNDA:3,structureResearchOutput
FNDA:3,(anonymous_27)
FNDA:2,(anonymous_28)
FNDA:1,storeResearchJson
FNDA:1,aggregateCompetitorData
FNDA:0,(anonymous_31)
FNDA:0,(anonymous_32)
FNDA:3,main
FNDA:0,(anonymous_34)
DA:2,3
DA:3,3
DA:4,3
DA:5,3
DA:6,3
DA:11,0
DA:15,14
DA:19,7
DA:23,36
DA:27,2
DA:28,2
DA:29,2
DA:30,0
DA:31,0
DA:35,12
DA:36,12
DA:37,12
DA:38,12
DA:40,7
DA:42,0
DA:47,1
DA:48,1
DA:49,0
DA:50,0
DA:54,1
DA:76,3
DA:83,2
DA:84,2
DA:85,2
DA:86,2
DA:88,2
DA:89,2
DA:90,2
DA:92,2
DA:93,2
DA:94,2
DA:95,2
DA:99,2
DA:105,2
DA:110,2
DA:111,2
DA:113,2
DA:117,2
DA:120,2
DA:123,3
DA:130,2
DA:131,2
DA:132,2
DA:133,2
DA:135,2
DA:136,2
DA:137,2
DA:139,2
DA:140,2
DA:141,2
DA:142,2
DA:145,2
DA:151,2
DA:157,2
DA:163,2
DA:164,2
DA:166,2
DA:170,2
DA:173,2
DA:176,3
DA:183,2
DA:184,2
DA:185,2
DA:186,2
DA:187,2
DA:188,2
DA:192,2
DA:193,2
DA:194,2
DA:195,2
DA:197,2
DA:198,2
DA:199,2
DA:201,2
DA:202,2
DA:203,2
DA:204,2
DA:207,2
DA:212,2
DA:214,2
DA:217,3
DA:223,2
DA:224,2
DA:226,2
DA:227,2
DA:228,4
DA:229,4
DA:230,4
DA:231,4
DA:232,4
DA:236,4
DA:237,4
DA:238,4
DA:239,4
DA:240,4
DA:241,4
DA:242,4
DA:243,4
DA:246,2
DA:247,2
DA:258,3
DA:281,2
DA:282,2
DA:283,2
DA:291,2
DA:292,2
DA:293,2
DA:299,0
DA:301,2
DA:304,2
DA:305,2
DA:306,2
DA:313,0
DA:315,2
DA:318,2
DA:319,2
DA:320,2
DA:322,0
DA:324,2
DA:327,2
DA:328,2
DA:329,2
DA:331,0
DA:334,2
DA:338,3
DA:339,3
DA:340,3
DA:341,3
DA:342,3
DA:343,3
DA:344,3
DA:347,3
DA:348,3
DA:349,2
DA:350,2
DA:351,2
DA:353,3
DA:357,3
DA:358,3
DA:359,3
DA:360,3
DA:361,3
DA:362,3
DA:364,3
DA:370,3
DA:373,3
DA:374,3
DA:375,3
DA:377,3
DA:379,3
DA:389,3
DA:398,3
DA:404,3
DA:410,3
DA:416,3
DA:417,2
DA:420,3
DA:442,1
DA:443,1
DA:445,1
DA:446,1
DA:447,1
DA:448,1
DA:449,1
DA:450,1
DA:467,1
DA:469,1
DA:473,3
DA:475,3
DA:476,1
DA:477,1
DA:478,1
DA:480,1
DA:481,1
DA:483,1
DA:484,1
DA:485,1
DA:486,1
DA:487,1
DA:490,1
DA:492,1
DA:500,1
DA:503,3
DA:505,3
DA:506,0
DA:569,3
DA:570,0
DA:571,0
DA:572,0
DA:574,0
DA:575,0
DA:580,0
DA:581,0
DA:584,0
DA:585,0
DA:590,0
DA:591,0
DA:594,0
DA:595,0
DA:600,0
DA:601,0
DA:604,0
DA:605,0
DA:609,0
DA:610,0
DA:613,0
DA:614,0
DA:615,0
DA:616,0
DA:619,0
DA:620,0
DA:621,0
DA:622,0
DA:623,0
DA:624,0
DA:627,0
DA:631,3
DA:632,3
DA:635,3
DA:636,0
DA:637,0
LF:226
LH:183
BRDA:11,0,0,0
BRDA:11,0,1,0
BRDA:11,1,0,0
BRDA:11,1,1,0
BRDA:11,1,2,0
BRDA:15,2,0,14
BRDA:15,2,1,6
BRDA:23,3,0,36
BRDA:23,3,1,0
BRDA:23,4,0,36
BRDA:23,4,1,36
BRDA:28,5,0,0
BRDA:28,5,1,2
BRDA:29,6,0,2
BRDA:29,6,1,0
BRDA:29,7,0,2
BRDA:29,7,1,2
BRDA:30,8,0,0
BRDA:30,8,1,0
BRDA:30,9,0,0
BRDA:30,9,1,0
BRDA:35,10,0,12
BRDA:35,10,1,0
BRDA:36,11,0,0
BRDA:36,11,1,12
BRDA:38,12,0,5
BRDA:38,12,1,7
BRDA:47,13,0,1
BRDA:47,13,1,0
BRDA:48,14,0,1
BRDA:48,14,1,0
BRDA:49,15,0,0
BRDA:49,15,1,0
BRDA:49,15,2,0
BRDA:50,16,0,0
BRDA:50,16,1,0
BRDA:83,17,0,2
BRDA:83,17,1,2
BRDA:83,17,2,0
BRDA:84,18,0,2
BRDA:84,18,1,2
BRDA:84,18,2,2
BRDA:85,19,0,0
BRDA:85,19,1,2
BRDA:90,20,0,0
BRDA:90,20,1,2
BRDA:94,21,0,0
BRDA:94,21,1,2
BRDA:99,22,0,2
BRDA:99,22,1,0
BRDA:99,22,2,0
BRDA:99,22,3,0
BRDA:105,23,0,2
BRDA:105,23,1,0
BRDA:105,23,2,0
BRDA:105,23,3,0
BRDA:110,24,0,2
BRDA:110,24,1,0
BRDA:110,24,2,0
BRDA:110,24,3,0
BRDA:111,25,0,2
BRDA:111,25,1,0
BRDA:114,26,0,2
BRDA:114,26,1,0
BRDA:114,26,2,0
BRDA:114,26,3,0
BRDA:115,27,0,2
BRDA:115,27,1,0
BRDA:115,27,2,0
BRDA:130,28,0,2
BRDA:130,28,1,2
BRDA:130,28,2,0
BRDA:131,29,0,2
BRDA:131,29,1,2
BRDA:131,29,2,2
BRDA:132,30,0,0
BRDA:132,30,1,2
BRDA:137,31,0,0
BRDA:137,31,1,2
BRDA:141,32,0,0
BRDA:141,32,1,2
BRDA:145,33,0,2
BRDA:145,33,1,0
BRDA:145,33,2,0
BRDA:145,33,3,0
BRDA:151,34,0,2
BRDA:151,34,1,0
BRDA:151,34,2,0
BRDA:151,34,3,0
BRDA:157,35,0,2
BRDA:157,35,1,0
BRDA:157,35,2,0
BRDA:157,35,3,0
BRDA:157,35,4,0
BRDA:163,36,0,2
BRDA:163,36,1,0
BRDA:163,36,2,0
BRDA:163,36,3,0
BRDA:164,37,0,2
BRDA:164,37,1,0
BRDA:167,38,0,2
BRDA:167,38,1,0
BRDA:167,38,2,0
BRDA:168,39,0,2
BRDA:168,39,1,0
BRDA:168,39,2,0
BRDA:183,40,0,0
BRDA:183,40,1,2
BRDA:185,41,0,0
BRDA:185,41,1,2
BRDA:188,42,0,2
BRDA:188,42,1,0
BRDA:192,43,0,2
BRDA:192,43,1,2
BRDA:192,43,2,0
BRDA:193,44,0,2
BRDA:193,44,1,2
BRDA:193,44,2,2
BRDA:194,45,0,0
BRDA:194,45,1,2
BRDA:199,46,0,0
BRDA:199,46,1,2
BRDA:203,47,0,0
BRDA:203,47,1,2
BRDA:207,48,0,2
BRDA:207,48,1,0
BRDA:207,48,2,0
BRDA:207,48,3,0
BRDA:207,49,0,2
BRDA:207,49,1,0
BRDA:208,50,0,0
BRDA:208,50,1,0
BRDA:209,51,0,0
BRDA:209,51,1,0
BRDA:210,52,0,0
BRDA:210,52,1,0
BRDA:223,53,0,2
BRDA:223,53,1,2
BRDA:223,53,2,0
BRDA:231,54,0,4
BRDA:231,54,1,0
BRDA:238,55,0,0
BRDA:238,55,1,4
BRDA:241,56,0,4
BRDA:241,56,1,0
BRDA:242,57,0,4
BRDA:242,57,1,4
BRDA:242,57,2,4
BRDA:253,58,0,2
BRDA:253,58,1,2
BRDA:281,59,0,1
BRDA:281,59,1,1
BRDA:299,60,0,0
BRDA:299,60,1,0
BRDA:313,61,0,0
BRDA:313,61,1,0
BRDA:322,62,0,0
BRDA:322,62,1,0
BRDA:331,63,0,0
BRDA:331,63,1,0
BRDA:338,64,0,3
BRDA:338,64,1,0
BRDA:341,65,0,3
BRDA:341,65,1,0
BRDA:343,66,0,0
BRDA:343,66,1,3
BRDA:344,67,0,2
BRDA:344,67,1,1
BRDA:351,68,0,2
BRDA:351,68,1,0
BRDA:351,69,0,2
BRDA:351,69,1,0
BRDA:351,70,0,0
BRDA:351,70,1,0
BRDA:351,71,0,0
BRDA:351,71,1,0
BRDA:353,72,0,0
BRDA:353,72,1,0
BRDA:353,73,0,0
BRDA:353,73,1,0
BRDA:365,74,0,3
BRDA:365,74,1,0
BRDA:365,75,0,3
BRDA:365,75,1,3
BRDA:366,76,0,3
BRDA:366,76,1,0
BRDA:366,77,0,3
BRDA:366,77,1,3
BRDA:367,78,0,3
BRDA:367,78,1,0
BRDA:367,79,0,3
BRDA:367,79,1,3
BRDA:382,80,0,3
BRDA:382,80,1,0
BRDA:382,81,0,3
BRDA:382,81,1,0
BRDA:391,82,0,3
BRDA:391,82,1,0
BRDA:391,83,0,3
BRDA:391,83,1,0
BRDA:400,84,0,3
BRDA:400,84,1,0
BRDA:400,85,0,3
BRDA:400,85,1,0
BRDA:401,86,0,3
BRDA:401,86,1,0
BRDA:425,87,0,3
BRDA:425,87,1,0
BRDA:429,88,0,3
BRDA:429,88,1,0
BRDA:443,89,0,0
BRDA:443,89,1,1
BRDA:457,90,0,1
BRDA:457,90,1,0
BRDA:458,91,0,1
BRDA:458,91,1,0
BRDA:459,92,0,1
BRDA:459,92,1,0
BRDA:476,93,0,1
BRDA:476,93,1,0
BRDA:477,94,0,0
BRDA:477,94,1,1
BRDA:478,95,0,1
BRDA:478,95,1,0
BRDA:483,96,0,1
BRDA:483,96,1,0
BRDA:484,97,0,1
BRDA:484,97,1,0
BRDA:485,98,0,0
BRDA:485,98,1,1
BRDA:496,99,0,1
BRDA:496,99,1,0
BRDA:571,100,0,0
BRDA:571,100,1,0
BRDA:572,101,0,0
BRDA:572,101,1,0
BRDA:574,102,0,0
BRDA:574,102,1,0
BRDA:576,103,0,0
BRDA:576,103,1,0
BRDA:577,104,0,0
BRDA:577,104,1,0
BRDA:578,105,0,0
BRDA:578,105,1,0
BRDA:584,106,0,0
BRDA:584,106,1,0
BRDA:586,107,0,0
BRDA:586,107,1,0
BRDA:587,108,0,0
BRDA:587,108,1,0
BRDA:588,109,0,0
BRDA:588,109,1,0
BRDA:594,110,0,0
BRDA:594,110,1,0
BRDA:596,111,0,0
BRDA:596,111,1,0
BRDA:597,112,0,0
BRDA:597,112,1,0
BRDA:598,113,0,0
BRDA:598,113,1,0
BRDA:604,114,0,0
BRDA:604,114,1,0
BRDA:606,115,0,0
BRDA:606,115,1,0
BRDA:607,116,0,0
BRDA:607,116,1,0
BRDA:613,117,0,0
BRDA:613,117,1,0
BRDA:619,118,0,0
BRDA:619,118,1,0
BRDA:620,119,0,0
BRDA:620,119,1,0
BRDA:621,120,0,0
BRDA:621,120,1,0
BRDA:622,121,0,0
BRDA:622,121,1,0
BRF:276
BRH:105
end_of_record
TN:
SF:mcp\telegram-orchestrator\server.ts
FN:16,getTelegramBotToken
FN:20,getDefaultChatId
FN:24,env
FN:28,ensureDataDir
FN:32,readJsonFile
FN:41,writeJsonFile
FN:66,parseTelegramCommand
FN:113,dbUrlFromEnvOrArg
FN:119,safeNumber
FN:123,queryCrmData
FN:196,(anonymous_11)
FN:210,(anonymous_12)
FN:265,triggerAgentTask
FN:297,formatUsd
FN:303,escMd
FN:310,formatTelegramMessageForCommand
FN:374,(anonymous_17)
FN:443,errorToUserMessage
FN:452,normalizeChatId
FN:458,ensureBot
FN:465,(anonymous_21)
FN:468,(anonymous_22)
FN:546,sendFormattedMessage
FN:558,handleUserInputInternal
FN:694,main
FN:700,(anonymous_26)
FN:740,(anonymous_27)
FN:746,(anonymous_28)
FN:748,(anonymous_29)
FN:809,(anonymous_30)
FNF:30
FNH:9
FNDA:0,getTelegramBotToken
FNDA:0,getDefaultChatId
FNDA:6,env
FNDA:0,ensureDataDir
FNDA:0,readJsonFile
FNDA:0,writeJsonFile
FNDA:1,parseTelegramCommand
FNDA:2,dbUrlFromEnvOrArg
FNDA:0,safeNumber
FNDA:2,queryCrmData
FNDA:0,(anonymous_11)
FNDA:0,(anonymous_12)
FNDA:0,triggerAgentTask
FNDA:1,formatUsd
FNDA:7,escMd
FNDA:1,formatTelegramMessageForCommand
FNDA:0,(anonymous_17)
FNDA:0,errorToUserMessage
FNDA:0,normalizeChatId
FNDA:0,ensureBot
FNDA:0,(anonymous_21)
FNDA:0,(anonymous_22)
FNDA:0,sendFormattedMessage
FNDA:1,handleUserInputInternal
FNDA:1,main
FNDA:0,(anonymous_26)
FNDA:0,(anonymous_27)
FNDA:0,(anonymous_28)
FNDA:0,(anonymous_29)
FNDA:0,(anonymous_30)
DA:2,1
DA:3,1
DA:4,1
DA:5,1
DA:6,1
DA:7,1
DA:8,1
DA:9,1
DA:11,1
DA:13,1
DA:14,1
DA:17,0
DA:21,0
DA:25,6
DA:29,0
DA:33,0
DA:34,0
DA:35,0
DA:37,0
DA:42,0
DA:43,0
DA:46,1
DA:66,1
DA:67,1
DA:68,1
DA:69,1
DA:70,1
DA:72,1
DA:74,1
DA:75,1
DA:76,1
DA:77,1
DA:78,1
DA:79,1
DA:81,1
DA:82,1
DA:83,1
DA:86,0
DA:87,0
DA:88,0
DA:91,0
DA:94,1
DA:105,1
DA:114,2
DA:115,2
DA:116,2
DA:120,0
DA:123,1
DA:124,2
DA:125,2
DA:127,2
DA:128,2
DA:129,2
DA:131,2
DA:132,2
DA:134,2
DA:136,0
DA:143,0
DA:144,0
DA:145,0
DA:148,2
DA:149,1
DA:150,1
DA:152,1
DA:159,1
DA:160,1
DA:163,1
DA:164,1
DA:165,1
DA:167,1
DA:176,1
DA:177,1
DA:180,0
DA:182,0
DA:188,0
DA:189,0
DA:190,0
DA:191,0
DA:192,0
DA:193,0
DA:194,0
DA:196,0
DA:199,0
DA:201,0
DA:209,0
DA:210,0
DA:213,0
DA:215,0
DA:221,0
DA:222,0
DA:225,0
DA:227,0
DA:233,0
DA:234,0
DA:235,0
DA:238,0
DA:240,0
DA:248,0
DA:249,0
DA:252,0
DA:254,2
DA:258,1
DA:265,1
DA:266,0
DA:267,0
DA:268,0
DA:273,0
DA:274,0
DA:275,0
DA:276,0
DA:277,0
DA:279,0
DA:281,0
DA:284,0
DA:285,0
DA:286,0
DA:292,0
DA:293,0
DA:294,0
DA:298,1
DA:299,1
DA:300,1
DA:305,7
DA:316,1
DA:318,1
DA:319,0
DA:320,0
DA:321,0
DA:324,1
DA:325,1
DA:326,1
DA:328,1
DA:330,1
DA:331,1
DA:332,1
DA:333,1
DA:334,1
DA:335,1
DA:336,1
DA:338,1
DA:339,1
DA:340,1
DA:341,0
DA:343,1
DA:344,1
DA:345,1
DA:346,1
DA:347,1
DA:348,1
DA:349,1
DA:353,1
DA:356,0
DA:357,0
DA:358,0
DA:359,0
DA:360,0
DA:361,0
DA:362,0
DA:363,0
DA:364,0
DA:365,0
DA:366,0
DA:368,0
DA:371,0
DA:372,0
DA:373,0
DA:374,0
DA:375,0
DA:376,0
DA:377,0
DA:378,0
DA:380,0
DA:381,0
DA:382,0
DA:385,0
DA:386,0
DA:387,0
DA:388,0
DA:389,0
DA:390,0
DA:392,0
DA:393,0
DA:396,0
DA:397,0
DA:398,0
DA:399,0
DA:409,0
DA:410,0
DA:411,0
DA:412,0
DA:413,0
DA:414,0
DA:416,0
DA:417,0
DA:420,0
DA:421,0
DA:422,0
DA:423,0
DA:425,0
DA:426,0
DA:427,0
DA:432,0
DA:435,0
DA:444,0
DA:445,0
DA:448,1
DA:449,1
DA:450,1
DA:453,0
DA:454,0
DA:455,0
DA:459,0
DA:460,0
DA:462,0
DA:464,0
DA:465,0
DA:466,0
DA:468,0
DA:469,0
DA:470,0
DA:471,0
DA:472,0
DA:474,0
DA:475,0
DA:477,0
DA:485,0
DA:486,0
DA:487,0
DA:493,0
DA:494,0
DA:495,0
DA:502,0
DA:505,1
DA:511,1
DA:527,1
DA:534,1
DA:536,1
DA:547,0
DA:548,0
DA:549,0
DA:551,0
DA:555,0
DA:558,1
DA:559,1
DA:561,1
DA:562,0
DA:563,0
DA:564,0
DA:565,0
DA:566,0
DA:567,0
DA:568,0
DA:571,0
DA:574,1
DA:575,0
DA:576,0
DA:577,0
DA:578,0
DA:579,0
DA:580,0
DA:581,0
DA:582,0
DA:584,0
DA:587,1
DA:588,1
DA:589,1
DA:590,0
DA:591,0
DA:593,1
DA:594,1
DA:595,1
DA:596,1
DA:597,1
DA:598,0
DA:599,0
DA:600,0
DA:601,0
DA:602,0
DA:604,1
DA:607,0
DA:608,0
DA:609,0
DA:610,0
DA:611,0
DA:612,0
DA:613,0
DA:614,0
DA:615,0
DA:617,0
DA:620,0
DA:621,0
DA:622,0
DA:623,0
DA:624,0
DA:625,0
DA:626,0
DA:627,0
DA:628,0
DA:630,0
DA:633,0
DA:634,0
DA:635,0
DA:636,0
DA:637,0
DA:638,0
DA:639,0
DA:640,0
DA:641,0
DA:643,0
DA:646,0
DA:647,0
DA:648,0
DA:649,0
DA:650,0
DA:651,0
DA:652,0
DA:653,0
DA:654,0
DA:656,0
DA:659,0
DA:660,0
DA:661,0
DA:662,0
DA:663,0
DA:664,0
DA:665,0
DA:666,0
DA:667,0
DA:669,0
DA:672,0
DA:673,0
DA:674,0
DA:675,0
DA:676,0
DA:678,0
DA:679,0
DA:680,0
DA:681,0
DA:682,0
DA:683,0
DA:684,0
DA:685,0
DA:687,0
DA:690,0
DA:691,0
DA:695,1
DA:700,1
DA:701,0
DA:740,1
DA:741,0
DA:743,0
DA:744,0
DA:745,0
DA:746,0
DA:747,0
DA:748,0
DA:749,0
DA:758,0
DA:761,0
DA:762,0
DA:763,0
DA:764,0
DA:765,0
DA:768,0
DA:769,0
DA:770,0
DA:774,0
DA:777,0
DA:778,0
DA:779,0
DA:780,0
DA:783,0
DA:784,0
DA:785,0
DA:786,0
DA:789,0
DA:790,0
DA:791,0
DA:795,0
DA:798,0
DA:799,0
DA:802,0
DA:805,1
DA:806,1
DA:809,1
DA:810,0
DA:811,0
LF:387
LH:112
BRDA:17,0,0,0
BRDA:17,0,1,0
BRDA:17,0,2,0
BRDA:21,1,0,0
BRDA:21,1,1,0
BRDA:21,1,2,0
BRDA:25,2,0,6
BRDA:25,2,1,4
BRDA:69,3,0,1
BRDA:69,3,1,0
BRDA:70,4,0,1
BRDA:70,4,1,0
BRDA:72,5,0,0
BRDA:72,5,1,1
BRDA:74,6,0,0
BRDA:74,6,1,1
BRDA:75,7,0,0
BRDA:75,7,1,1
BRDA:76,8,0,0
BRDA:76,8,1,1
BRDA:77,9,0,0
BRDA:77,9,1,1
BRDA:78,10,0,0
BRDA:78,10,1,1
BRDA:79,11,0,0
BRDA:79,11,1,1
BRDA:81,12,0,1
BRDA:81,12,1,0
BRDA:83,13,0,1
BRDA:83,13,1,0
BRDA:86,14,0,0
BRDA:86,14,1,0
BRDA:86,15,0,0
BRDA:86,15,1,0
BRDA:87,16,0,0
BRDA:87,16,1,0
BRDA:88,17,0,0
BRDA:88,17,1,0
BRDA:114,18,0,2
BRDA:114,18,1,2
BRDA:115,19,0,0
BRDA:115,19,1,2
BRDA:116,20,0,2
BRDA:116,20,1,0
BRDA:116,20,2,0
BRDA:116,20,3,0
BRDA:116,20,4,0
BRDA:120,21,0,0
BRDA:120,21,1,0
BRDA:120,22,0,0
BRDA:120,22,1,0
BRDA:125,23,0,0
BRDA:125,23,1,2
BRDA:127,24,0,2
BRDA:127,24,1,0
BRDA:127,25,0,2
BRDA:127,25,1,2
BRDA:127,25,2,2
BRDA:128,26,0,2
BRDA:128,26,1,2
BRDA:134,27,0,0
BRDA:134,27,1,2
BRDA:136,28,0,0
BRDA:136,28,1,0
BRDA:136,28,2,0
BRDA:144,29,0,0
BRDA:144,29,1,0
BRDA:145,30,0,0
BRDA:145,30,1,0
BRDA:145,31,0,0
BRDA:145,31,1,0
BRDA:145,32,0,0
BRDA:145,32,1,0
BRDA:148,33,0,1
BRDA:148,33,1,1
BRDA:149,34,0,1
BRDA:149,34,1,0
BRDA:150,35,0,0
BRDA:150,35,1,1
BRDA:152,36,0,1
BRDA:152,36,1,1
BRDA:152,36,2,1
BRDA:160,37,0,1
BRDA:160,37,1,0
BRDA:163,38,0,1
BRDA:163,38,1,0
BRDA:164,39,0,1
BRDA:164,39,1,0
BRDA:165,40,0,0
BRDA:165,40,1,1
BRDA:167,41,0,1
BRDA:167,41,1,1
BRDA:167,41,2,1
BRDA:177,42,0,1
BRDA:177,42,1,0
BRDA:180,43,0,0
BRDA:180,43,1,0
BRDA:182,44,0,0
BRDA:182,44,1,0
BRDA:182,44,2,0
BRDA:190,45,0,0
BRDA:190,45,1,0
BRDA:191,46,0,0
BRDA:191,46,1,0
BRDA:192,47,0,0
BRDA:192,47,1,0
BRDA:193,48,0,0
BRDA:193,48,1,0
BRDA:193,49,0,0
BRDA:193,49,1,0
BRDA:199,50,0,0
BRDA:199,50,1,0
BRDA:201,51,0,0
BRDA:201,51,1,0
BRDA:201,51,2,0
BRDA:210,52,0,0
BRDA:210,52,1,0
BRDA:213,53,0,0
BRDA:213,53,1,0
BRDA:215,54,0,0
BRDA:215,54,1,0
BRDA:215,54,2,0
BRDA:222,55,0,0
BRDA:222,55,1,0
BRDA:225,56,0,0
BRDA:225,56,1,0
BRDA:227,57,0,0
BRDA:227,57,1,0
BRDA:227,57,2,0
BRDA:234,58,0,0
BRDA:234,58,1,0
BRDA:235,59,0,0
BRDA:235,59,1,0
BRDA:238,60,0,0
BRDA:238,60,1,0
BRDA:240,61,0,0
BRDA:240,61,1,0
BRDA:240,61,2,0
BRDA:249,62,0,0
BRDA:249,62,1,0
BRDA:267,63,0,0
BRDA:267,63,1,0
BRDA:271,64,0,0
BRDA:271,64,1,0
BRDA:274,65,0,0
BRDA:274,65,1,0
BRDA:298,66,0,1
BRDA:298,66,1,0
BRDA:298,67,0,1
BRDA:298,67,1,1
BRDA:299,68,0,0
BRDA:299,68,1,1
BRDA:318,69,0,0
BRDA:318,69,1,1
BRDA:319,70,0,0
BRDA:319,70,1,0
BRDA:320,71,0,0
BRDA:320,71,1,0
BRDA:324,72,0,1
BRDA:324,72,1,0
BRDA:325,73,0,1
BRDA:325,73,1,0
BRDA:326,74,0,0
BRDA:326,74,1,1
BRDA:328,75,0,1
BRDA:328,75,1,0
BRDA:331,76,0,1
BRDA:331,76,1,0
BRDA:332,77,0,1
BRDA:332,77,1,0
BRDA:333,78,0,1
BRDA:333,78,1,0
BRDA:334,79,0,1
BRDA:334,79,1,0
BRDA:335,80,0,1
BRDA:335,80,1,0
BRDA:336,81,0,0
BRDA:336,81,1,1
BRDA:340,82,0,0
BRDA:340,82,1,1
BRDA:343,83,0,1
BRDA:343,83,1,0
BRDA:344,84,0,1
BRDA:344,84,1,0
BRDA:345,85,0,1
BRDA:345,85,1,0
BRDA:346,86,0,1
BRDA:346,86,1,0
BRDA:349,87,0,0
BRDA:349,87,1,1
BRDA:356,88,0,0
BRDA:356,88,1,0
BRDA:357,89,0,0
BRDA:357,89,1,0
BRDA:358,90,0,0
BRDA:358,90,1,0
BRDA:361,91,0,0
BRDA:361,91,1,0
BRDA:362,92,0,0
BRDA:362,92,1,0
BRDA:365,93,0,0
BRDA:365,93,1,0
BRDA:365,93,2,0
BRDA:366,94,0,0
BRDA:366,94,1,0
BRDA:371,95,0,0
BRDA:371,95,1,0
BRDA:372,96,0,0
BRDA:372,96,1,0
BRDA:373,97,0,0
BRDA:373,97,1,0
BRDA:374,98,0,0
BRDA:374,98,1,0
BRDA:377,99,0,0
BRDA:377,99,1,0
BRDA:377,100,0,0
BRDA:377,100,1,0
BRDA:378,101,0,0
BRDA:378,101,1,0
BRDA:380,102,0,0
BRDA:380,102,1,0
BRDA:385,103,0,0
BRDA:385,103,1,0
BRDA:386,104,0,0
BRDA:386,104,1,0
BRDA:387,105,0,0
BRDA:387,105,1,0
BRDA:390,106,0,0
BRDA:390,106,1,0
BRDA:390,107,0,0
BRDA:390,107,1,0
BRDA:392,108,0,0
BRDA:392,108,1,0
BRDA:396,109,0,0
BRDA:396,109,1,0
BRDA:397,110,0,0
BRDA:397,110,1,0
BRDA:398,111,0,0
BRDA:398,111,1,0
BRDA:404,112,0,0
BRDA:404,112,1,0
BRDA:409,113,0,0
BRDA:409,113,1,0
BRDA:410,114,0,0
BRDA:410,114,1,0
BRDA:411,115,0,0
BRDA:411,115,1,0
BRDA:414,116,0,0
BRDA:414,116,1,0
BRDA:414,117,0,0
BRDA:414,117,1,0
BRDA:414,118,0,0
BRDA:414,118,1,0
BRDA:416,119,0,0
BRDA:416,119,1,0
BRDA:420,120,0,0
BRDA:420,120,1,0
BRDA:421,121,0,0
BRDA:421,121,1,0
BRDA:422,122,0,0
BRDA:422,122,1,0
BRDA:423,123,0,0
BRDA:423,123,1,0
BRDA:425,124,0,0
BRDA:425,124,1,0
BRDA:428,125,0,0
BRDA:428,125,1,0
BRDA:428,125,2,0
BRDA:428,126,0,0
BRDA:428,126,1,0
BRDA:444,127,0,0
BRDA:444,127,1,0
BRDA:453,128,0,0
BRDA:453,128,1,0
BRDA:453,129,0,0
BRDA:453,129,1,0
BRDA:454,130,0,0
BRDA:454,130,1,0
BRDA:454,131,0,0
BRDA:454,131,1,0
BRDA:460,132,0,0
BRDA:460,132,1,0
BRDA:462,133,0,0
BRDA:462,133,1,0
BRDA:464,134,0,0
BRDA:464,134,1,0
BRDA:471,135,0,0
BRDA:471,135,1,0
BRDA:472,136,0,0
BRDA:472,136,1,0
BRDA:472,137,0,0
BRDA:472,137,1,0
BRDA:474,138,0,0
BRDA:474,138,1,0
BRDA:475,139,0,0
BRDA:475,139,1,0
BRDA:480,140,0,0
BRDA:480,140,1,0
BRDA:480,140,2,0
BRDA:485,141,0,0
BRDA:485,141,1,0
BRDA:485,142,0,0
BRDA:485,142,1,0
BRDA:486,143,0,0
BRDA:486,143,1,0
BRDA:495,144,0,0
BRDA:495,144,1,0
BRDA:495,145,0,0
BRDA:495,145,1,0
BRDA:548,146,0,0
BRDA:548,146,1,0
BRDA:549,147,0,0
BRDA:549,147,1,0
BRDA:561,148,0,0
BRDA:561,148,1,1
BRDA:563,149,0,0
BRDA:563,149,1,0
BRDA:564,150,0,0
BRDA:564,150,1,0
BRDA:565,151,0,0
BRDA:565,151,1,0
BRDA:574,152,0,0
BRDA:574,152,1,1
BRDA:577,153,0,0
BRDA:577,153,1,0
BRDA:578,154,0,0
BRDA:578,154,1,0
BRDA:579,155,0,0
BRDA:579,155,1,0
BRDA:587,156,0,1
BRDA:587,156,1,0
BRDA:588,157,0,1
BRDA:588,157,1,0
BRDA:589,158,0,0
BRDA:589,158,1,1
BRDA:594,159,0,1
BRDA:594,159,1,0
BRDA:595,160,0,1
BRDA:595,160,1,0
BRDA:597,161,0,0
BRDA:597,161,1,1
BRDA:598,162,0,0
BRDA:598,162,1,0
BRDA:599,163,0,0
BRDA:599,163,1,0
BRDA:607,164,0,0
BRDA:607,164,1,0
BRDA:610,165,0,0
BRDA:610,165,1,0
BRDA:611,166,0,0
BRDA:611,166,1,0
BRDA:612,167,0,0
BRDA:612,167,1,0
BRDA:620,168,0,0
BRDA:620,168,1,0
BRDA:623,169,0,0
BRDA:623,169,1,0
BRDA:624,170,0,0
BRDA:624,170,1,0
BRDA:625,171,0,0
BRDA:625,171,1,0
BRDA:633,172,0,0
BRDA:633,172,1,0
BRDA:636,173,0,0
BRDA:636,173,1,0
BRDA:637,174,0,0
BRDA:637,174,1,0
BRDA:638,175,0,0
BRDA:638,175,1,0
BRDA:646,176,0,0
BRDA:646,176,1,0
BRDA:649,177,0,0
BRDA:649,177,1,0
BRDA:650,178,0,0
BRDA:650,178,1,0
BRDA:651,179,0,0
BRDA:651,179,1,0
BRDA:659,180,0,0
BRDA:659,180,1,0
BRDA:662,181,0,0
BRDA:662,181,1,0
BRDA:663,182,0,0
BRDA:663,182,1,0
BRDA:664,183,0,0
BRDA:664,183,1,0
BRDA:672,184,0,0
BRDA:672,184,1,0
BRDA:673,185,0,0
BRDA:673,185,1,0
BRDA:674,186,0,0
BRDA:674,186,1,0
BRDA:680,187,0,0
BRDA:680,187,1,0
BRDA:681,188,0,0
BRDA:681,188,1,0
BRDA:682,189,0,0
BRDA:682,189,1,0
BRDA:741,190,0,0
BRDA:741,190,1,0
BRDA:744,191,0,0
BRDA:744,191,1,0
BRDA:745,192,0,0
BRDA:745,192,1,0
BRDA:746,193,0,0
BRDA:746,193,1,0
BRDA:753,194,0,0
BRDA:753,194,1,0
BRDA:753,194,2,0
BRDA:754,195,0,0
BRDA:754,195,1,0
BRDA:754,195,2,0
BRDA:755,196,0,0
BRDA:755,196,1,0
BRDA:756,197,0,0
BRDA:756,197,1,0
BRDA:761,198,0,0
BRDA:761,198,1,0
BRDA:762,199,0,0
BRDA:762,199,1,0
BRDA:768,200,0,0
BRDA:768,200,1,0
BRDA:769,201,0,0
BRDA:769,201,1,0
BRDA:772,202,0,0
BRDA:772,202,1,0
BRDA:777,203,0,0
BRDA:777,203,1,0
BRDA:778,204,0,0
BRDA:778,204,1,0
BRDA:783,205,0,0
BRDA:783,205,1,0
BRDA:784,206,0,0
BRDA:784,206,1,0
BRDA:789,207,0,0
BRDA:789,207,1,0
BRDA:790,208,0,0
BRDA:790,208,1,0
BRDA:793,209,0,0
BRDA:793,209,1,0
BRDA:798,210,0,0
BRDA:798,210,1,0
BRF:441
BRH:69
end_of_record
TN:
SF:mcp\video-generator\server.ts
FN:18,getElevenLabsApiKey
FN:22,safeSlug
FN:31,estimateSecondsFromScript
FN:54,extractSection
FN:76,pickFirstNumberLine
FN:78,(anonymous_5)
FN:85,formatMaybeCurrency
FN:91,asString
FN:97,pickFromReport
FN:167,normalizeToBullets
FN:171,(anonymous_10)
FN:172,(anonymous_11)
FN:179,(anonymous_12)
FN:186,buildVideoScript
FN:234,(anonymous_14)
FN:242,(anonymous_15)
FN:296,ensureDirs
FN:302,readJsonFile
FN:311,writeJsonFile
FN:315,sleep
FN:316,(anonymous_20)
FN:319,elevenlabsTextToSpeech
FN:390,storeVideoOutput
FN:417,(anonymous_23)
FN:434,generateVideoMetadata
FN:453,main
FN:461,(anonymous_26)
FN:491,(anonymous_27)
FN:530,(anonymous_28)
FNF:29
FNH:5
FNDA:1,getElevenLabsApiKey
FNDA:2,safeSlug
FNDA:0,estimateSecondsFromScript
FNDA:0,extractSection
FNDA:0,pickFirstNumberLine
FNDA:0,(anonymous_5)
FNDA:0,formatMaybeCurrency
FNDA:0,asString
FNDA:0,pickFromReport
FNDA:0,normalizeToBullets
FNDA:0,(anonymous_10)
FNDA:0,(anonymous_11)
FNDA:0,(anonymous_12)
FNDA:0,buildVideoScript
FNDA:0,(anonymous_14)
FNDA:0,(anonymous_15)
FNDA:2,ensureDirs
FNDA:0,readJsonFile
FNDA:0,writeJsonFile
FNDA:0,sleep
FNDA:0,(anonymous_20)
FNDA:1,elevenlabsTextToSpeech
FNDA:0,storeVideoOutput
FNDA:0,(anonymous_23)
FNDA:0,generateVideoMetadata
FNDA:1,main
FNDA:0,(anonymous_26)
FNDA:0,(anonymous_27)
FNDA:0,(anonymous_28)
DA:2,1
DA:3,1
DA:4,1
DA:8,1
DA:9,1
DA:10,1
DA:11,1
DA:12,1
DA:14,1
DA:16,1
DA:19,1
DA:23,2
DA:33,0
DA:34,0
DA:37,1
DA:46,1
DA:56,0
DA:57,0
DA:58,0
DA:59,0
DA:60,0
DA:61,0
DA:64,0
DA:65,0
DA:66,0
DA:67,0
DA:68,0
DA:69,0
DA:70,0
DA:71,0
DA:73,0
DA:77,0
DA:78,0
DA:79,0
DA:80,0
DA:82,0
DA:86,0
DA:87,0
DA:88,0
DA:92,0
DA:93,0
DA:94,0
DA:100,0
DA:107,0
DA:115,0
DA:123,0
DA:130,0
DA:140,0
DA:148,0
DA:156,0
DA:168,0
DA:169,0
DA:170,0
DA:171,0
DA:172,0
DA:176,0
DA:177,0
DA:179,0
DA:183,0
DA:187,0
DA:188,0
DA:190,0
DA:192,0
DA:196,0
DA:197,0
DA:198,0
DA:200,0
DA:201,0
DA:202,0
DA:203,0
DA:206,0
DA:214,0
DA:215,0
DA:216,0
DA:217,0
DA:218,0
DA:219,0
DA:220,0
DA:221,0
DA:223,0
DA:234,0
DA:242,0
DA:251,0
DA:264,1
DA:275,1
DA:284,1
DA:297,2
DA:298,2
DA:299,2
DA:303,0
DA:304,0
DA:305,0
DA:307,0
DA:312,0
DA:316,0
DA:319,1
DA:320,1
DA:321,1
DA:322,0
DA:327,1
DA:333,1
DA:334,1
DA:335,1
DA:336,1
DA:337,1
DA:355,1
DA:356,0
DA:357,0
DA:360,1
DA:361,1
DA:363,0
DA:364,0
DA:365,0
DA:370,1
DA:371,0
DA:374,1
DA:376,1
DA:377,1
DA:378,1
DA:379,1
DA:380,1
DA:381,1
DA:382,1
DA:385,1
DA:387,1
DA:390,1
DA:391,0
DA:392,0
DA:393,0
DA:394,0
DA:395,0
DA:397,0
DA:398,0
DA:400,0
DA:414,0
DA:415,0
DA:417,0
DA:418,0
DA:427,0
DA:428,0
DA:429,0
DA:431,0
DA:435,0
DA:436,0
DA:454,1
DA:456,1
DA:461,1
DA:462,0
DA:491,1
DA:492,0
DA:494,0
DA:495,0
DA:496,0
DA:497,0
DA:500,0
DA:501,0
DA:502,0
DA:503,0
DA:506,0
DA:507,0
DA:508,0
DA:509,0
DA:512,0
DA:513,0
DA:514,0
DA:515,0
DA:518,0
DA:521,1
DA:522,1
DA:525,1
DA:530,1
DA:531,0
DA:532,0
LF:173
LH:52
BRDA:19,0,0,1
BRDA:19,0,1,0
BRDA:59,1,0,0
BRDA:59,1,1,0
BRDA:64,2,0,0
BRDA:64,2,1,0
BRDA:65,3,0,0
BRDA:65,3,1,0
BRDA:70,4,0,0
BRDA:70,4,1,0
BRDA:70,5,0,0
BRDA:70,5,1,0
BRDA:73,6,0,0
BRDA:73,6,1,0
BRDA:77,7,0,0
BRDA:77,7,1,0
BRDA:80,8,0,0
BRDA:80,8,1,0
BRDA:86,9,0,0
BRDA:86,9,1,0
BRDA:86,10,0,0
BRDA:86,10,1,0
BRDA:87,11,0,0
BRDA:87,11,1,0
BRDA:87,12,0,0
BRDA:87,12,1,0
BRDA:92,13,0,0
BRDA:92,13,1,0
BRDA:92,14,0,0
BRDA:92,14,1,0
BRDA:93,15,0,0
BRDA:93,15,1,0
BRDA:93,16,0,0
BRDA:93,16,1,0
BRDA:100,17,0,0
BRDA:100,17,1,0
BRDA:100,17,2,0
BRDA:100,17,3,0
BRDA:100,17,4,0
BRDA:107,18,0,0
BRDA:107,18,1,0
BRDA:107,18,2,0
BRDA:107,18,3,0
BRDA:107,18,4,0
BRDA:107,18,5,0
BRDA:115,19,0,0
BRDA:115,19,1,0
BRDA:115,19,2,0
BRDA:115,19,3,0
BRDA:115,19,4,0
BRDA:115,19,5,0
BRDA:123,20,0,0
BRDA:123,20,1,0
BRDA:123,20,2,0
BRDA:123,20,3,0
BRDA:123,20,4,0
BRDA:130,21,0,0
BRDA:130,21,1,0
BRDA:130,21,2,0
BRDA:130,21,3,0
BRDA:130,21,4,0
BRDA:130,21,5,0
BRDA:130,21,6,0
BRDA:130,21,7,0
BRDA:140,22,0,0
BRDA:140,22,1,0
BRDA:140,22,2,0
BRDA:140,22,3,0
BRDA:140,22,4,0
BRDA:140,22,5,0
BRDA:148,23,0,0
BRDA:148,23,1,0
BRDA:148,23,2,0
BRDA:148,23,3,0
BRDA:148,23,4,0
BRDA:148,23,5,0
BRDA:148,23,6,0
BRDA:167,24,0,0
BRDA:168,25,0,0
BRDA:168,25,1,0
BRDA:169,26,0,0
BRDA:169,26,1,0
BRDA:171,27,0,0
BRDA:171,27,1,0
BRDA:176,28,0,0
BRDA:176,28,1,0
BRDA:192,29,0,0
BRDA:192,29,1,0
BRDA:193,30,0,0
BRDA:193,30,1,0
BRDA:196,31,0,0
BRDA:196,31,1,0
BRDA:197,32,0,0
BRDA:197,32,1,0
BRDA:198,33,0,0
BRDA:198,33,1,0
BRDA:200,34,0,0
BRDA:200,34,1,0
BRDA:200,35,0,0
BRDA:200,35,1,0
BRDA:201,36,0,0
BRDA:201,36,1,0
BRDA:201,37,0,0
BRDA:201,37,1,0
BRDA:202,38,0,0
BRDA:202,38,1,0
BRDA:202,39,0,0
BRDA:202,39,1,0
BRDA:203,40,0,0
BRDA:203,40,1,0
BRDA:203,41,0,0
BRDA:203,41,1,0
BRDA:206,42,0,0
BRDA:206,42,1,0
BRDA:208,43,0,0
BRDA:208,43,1,0
BRDA:210,44,0,0
BRDA:210,44,1,0
BRDA:221,45,0,0
BRDA:221,45,1,0
BRDA:228,46,0,0
BRDA:228,46,1,0
BRDA:228,47,0,0
BRDA:228,47,1,0
BRDA:229,48,0,0
BRDA:229,48,1,0
BRDA:230,49,0,0
BRDA:230,49,1,0
BRDA:233,50,0,0
BRDA:233,50,1,0
BRDA:234,51,0,0
BRDA:234,51,1,0
BRDA:234,52,0,0
BRDA:234,52,1,0
BRDA:238,53,0,0
BRDA:238,53,1,0
BRDA:238,54,0,0
BRDA:238,54,1,0
BRDA:242,55,0,0
BRDA:242,55,1,0
BRDA:242,56,0,0
BRDA:242,56,1,0
BRDA:255,57,0,0
BRDA:255,57,1,0
BRDA:256,58,0,0
BRDA:256,58,1,0
BRDA:257,59,0,0
BRDA:257,59,1,0
BRDA:258,60,0,0
BRDA:258,60,1,0
BRDA:321,61,0,0
BRDA:321,61,1,1
BRDA:327,62,0,0
BRDA:327,62,1,1
BRDA:329,63,0,1
BRDA:329,63,1,0
BRDA:355,64,0,0
BRDA:355,64,1,1
BRDA:364,65,0,0
BRDA:364,65,1,0
BRDA:370,66,0,0
BRDA:370,66,1,1
BRDA:371,67,0,0
BRDA:371,67,1,0
BRDA:376,68,0,1
BRDA:376,68,1,0
BRDA:377,69,0,1
BRDA:377,69,1,0
BRDA:397,70,0,0
BRDA:397,70,1,0
BRDA:407,71,0,0
BRDA:407,71,1,0
BRDA:408,72,0,0
BRDA:408,72,1,0
BRDA:411,73,0,0
BRDA:411,73,1,0
BRDA:419,74,0,0
BRDA:419,74,1,0
BRDA:427,75,0,0
BRDA:427,75,1,0
BRDA:438,76,0,0
BRDA:438,76,1,0
BRDA:439,77,0,0
BRDA:439,77,1,0
BRDA:440,78,0,0
BRDA:440,78,1,0
BRDA:441,79,0,0
BRDA:441,79,1,0
BRDA:492,80,0,0
BRDA:492,80,1,0
BRDA:494,81,0,0
BRDA:494,81,1,0
BRDA:500,82,0,0
BRDA:500,82,1,0
BRDA:506,83,0,0
BRDA:506,83,1,0
BRDA:512,84,0,0
BRDA:512,84,1,0
BRDA:525,85,0,1
BRDA:525,85,1,0
BRF:200
BRH:9
end_of_record
